<?xml version="1.0" encoding="UTF-8"?>
<testsuite name="SolverTest" tests="1" skipped="0" failures="0" errors="0" timestamp="2020-11-02T15:35:27" hostname="NEC" time="2.443">
  <properties/>
  <testcase name="start" classname="SolverTest" time="2.443"/>
  <system-out><![CDATA[?[1;31m
Start test 1?[0m
numberOfVariables = 3
numberOfEquations = 3
1
1
2
9
2
4
-3
1
3
6
-5
0
Initial matrix
1.0 1.0 2.0 9.0 
2.0 4.0 -3.0 1.0 
3.0 6.0 -5.0 0 
row1[n] = 1.0
row1[n] = 1.0
row1[n] = 2.0
Tryangle form
1.0 1.0 2.0 9.0 
0 2.0 -7.0 -17.0 
0 0 -0.5 -1.5 
row1[n] = -0.5
row1[n] = -0.5
row1[n] = 2.0
Result matrix
1.0 0 0 1.0 
0 2.0 0 4.0 
0 0 -0.5 -1.5 
1.0 0
2.0 0
3.0 0
?[1;31m
Start test 2?[0m
numberOfVariables = 2
numberOfEquations = 2
1
0
1
0
1
1
Initial matrix
1.0 0 1.0 
0 1.0 1.0 
row1[n] = 1.0
Tryangle form
1.0 0 1.0 
0 1.0 1.0 
row1[n] = 1.0
Result matrix
1.0 0 1.0 
0 1.0 1.0 
1.0 0
1.0 0
?[1;31m
Start test 3?[0m
numberOfVariables = 2
numberOfEquations = 2
1
0
1
0
1
1
Initial matrix
1.0 0 1.0 
0 1.0 1.0 
row1[n] = 1.0
Tryangle form
1.0 0 1.0 
0 1.0 1.0 
row1[n] = 1.0
Result matrix
1.0 0 1.0 
0 1.0 1.0 
1.0 0
1.0 0
?[1;31m
Start test 4?[0m
numberOfVariables = 2
numberOfEquations = 2
1
0
1
0
1
1
Initial matrix
1.0 0 1.0 
0 1.0 1.0 
row1[n] = 1.0
Tryangle form
1.0 0 1.0 
0 1.0 1.0 
row1[n] = 1.0
Result matrix
1.0 0 1.0 
0 1.0 1.0 
1.0 0
1.0 0
?[1;31m
Start test 5?[0m
numberOfVariables = 2
numberOfEquations = 2
1
0
2
0
1
2
Initial matrix
1.0 0 2.0 
0 1.0 2.0 
row1[n] = 1.0
Tryangle form
1.0 0 2.0 
0 1.0 2.0 
row1[n] = 1.0
Result matrix
1.0 0 2.0 
0 1.0 2.0 
2.0 0
2.0 0
?[1;31m
Start test 6?[0m
numberOfVariables = 2
numberOfEquations = 2
2
0
2
0
2
2
Initial matrix
2.0 0 2.0 
0 2.0 2.0 
row1[n] = 2.0
Tryangle form
2.0 0 2.0 
0 2.0 2.0 
row1[n] = 2.0
Result matrix
2.0 0 2.0 
0 2.0 2.0 
1.0 0
1.0 0
?[1;31m
Start test 7?[0m
numberOfVariables = 2
numberOfEquations = 2
1
2
1
3
4
1
Initial matrix
1.0 2.0 1.0 
3.0 4.0 1.0 
row1[n] = 1.0
Tryangle form
1.0 2.0 1.0 
0 -2.0 -2.0 
row1[n] = -2.0
Result matrix
1.0 0 -1.0 
0 -2.0 -2.0 
-1.0 0
1.0 0
?[1;31m
Start test 8?[0m
numberOfVariables = 20
numberOfEquations = 20
26
90
17
67
68
9
60
38
37
38
76
14
33
94
88
58
99
84
9
45
18
37
34
20
53
10
61
75
49
91
84
55
84
84
81
30
22
42
76
33
27
2
99
69
63
57
39
45
33
43
99
26
25
24
80
91
62
90
54
77
88
32
94
37
40
14
5
47
30
5
21
36
77
57
38
29
3
61
12
81
19
39
56
9
36
73
71
39
9
9
31
10
84
7
13
45
9
34
2
14
88
43
17
4
86
31
29
76
89
26
35
11
55
37
5
41
96
19
18
100
20
21
49
83
5
20
18
18
25
70
79
74
30
66
41
93
63
2
90
4
46
1
77
89
21
47
52
32
62
27
80
57
10
35
44
97
18
58
19
5
81
33
54
83
66
25
75
75
56
53
13
91
30
11
72
52
13
86
73
88
94
20
25
77
90
75
73
52
36
63
9
40
40
35
90
55
92
12
98
34
37
64
21
67
91
15
65
82
87
30
71
5
65
64
6
20
9
81
40
56
39
93
74
55
83
81
74
2
58
86
58
13
50
31
86
73
36
83
27
37
96
37
28
75
91
15
78
90
56
57
18
18
34
9
51
11
92
54
25
91
61
69
37
37
89
91
95
50
10
16
69
71
66
25
16
79
36
6
28
51
100
5
28
97
23
44
32
50
2
96
18
5
48
44
80
38
47
96
41
72
85
79
2
3
96
14
2
65
97
38
76
73
88
59
89
31
98
88
52
49
68
46
79
26
30
31
76
84
87
27
16
66
55
78
2
46
57
2
32
78
70
7
95
56
77
97
49
14
74
7
85
48
83
59
71
5
44
4
64
4
43
54
99
77
7
72
82
27
22
29
94
53
48
65
88
26
86
42
69
59
62
63
42
29
73
18
82
78
48
60
84
73
84
9
82
53
14
1
12
98
2
47
62
69
11
28
14
83
32
94
24
71
1
16
91
53
50
38
26
17
Initial matrix
26.0 90.0 17.0 67.0 68.0 9.0 60.0 38.0 37.0 38.0 76.0 14.0 33.0 94.0 88.0 58.0 99.0 84.0 9.0 45.0 18.0 
37.0 34.0 20.0 53.0 10.0 61.0 75.0 49.0 91.0 84.0 55.0 84.0 84.0 81.0 30.0 22.0 42.0 76.0 33.0 27.0 2.0 
99.0 69.0 63.0 57.0 39.0 45.0 33.0 43.0 99.0 26.0 25.0 24.0 80.0 91.0 62.0 90.0 54.0 77.0 88.0 32.0 94.0 
37.0 40.0 14.0 5.0 47.0 30.0 5.0 21.0 36.0 77.0 57.0 38.0 29.0 3.0 61.0 12.0 81.0 19.0 39.0 56.0 9.0 
36.0 73.0 71.0 39.0 9.0 9.0 31.0 10.0 84.0 7.0 13.0 45.0 9.0 34.0 2.0 14.0 88.0 43.0 17.0 4.0 86.0 
31.0 29.0 76.0 89.0 26.0 35.0 11.0 55.0 37.0 5.0 41.0 96.0 19.0 18.0 100.0 20.0 21.0 49.0 83.0 5.0 20.0 
18.0 18.0 25.0 70.0 79.0 74.0 30.0 66.0 41.0 93.0 63.0 2.0 90.0 4.0 46.0 1.0 77.0 89.0 21.0 47.0 52.0 
32.0 62.0 27.0 80.0 57.0 10.0 35.0 44.0 97.0 18.0 58.0 19.0 5.0 81.0 33.0 54.0 83.0 66.0 25.0 75.0 75.0 
56.0 53.0 13.0 91.0 30.0 11.0 72.0 52.0 13.0 86.0 73.0 88.0 94.0 20.0 25.0 77.0 90.0 75.0 73.0 52.0 36.0 
63.0 9.0 40.0 40.0 35.0 90.0 55.0 92.0 12.0 98.0 34.0 37.0 64.0 21.0 67.0 91.0 15.0 65.0 82.0 87.0 30.0 
71.0 5.0 65.0 64.0 6.0 20.0 9.0 81.0 40.0 56.0 39.0 93.0 74.0 55.0 83.0 81.0 74.0 2.0 58.0 86.0 58.0 
13.0 50.0 31.0 86.0 73.0 36.0 83.0 27.0 37.0 96.0 37.0 28.0 75.0 91.0 15.0 78.0 90.0 56.0 57.0 18.0 18.0 
34.0 9.0 51.0 11.0 92.0 54.0 25.0 91.0 61.0 69.0 37.0 37.0 89.0 91.0 95.0 50.0 10.0 16.0 69.0 71.0 66.0 
25.0 16.0 79.0 36.0 6.0 28.0 51.0 100.0 5.0 28.0 97.0 23.0 44.0 32.0 50.0 2.0 96.0 18.0 5.0 48.0 44.0 
80.0 38.0 47.0 96.0 41.0 72.0 85.0 79.0 2.0 3.0 96.0 14.0 2.0 65.0 97.0 38.0 76.0 73.0 88.0 59.0 89.0 
31.0 98.0 88.0 52.0 49.0 68.0 46.0 79.0 26.0 30.0 31.0 76.0 84.0 87.0 27.0 16.0 66.0 55.0 78.0 2.0 46.0 
57.0 2.0 32.0 78.0 70.0 7.0 95.0 56.0 77.0 97.0 49.0 14.0 74.0 7.0 85.0 48.0 83.0 59.0 71.0 5.0 44.0 
4.0 64.0 4.0 43.0 54.0 99.0 77.0 7.0 72.0 82.0 27.0 22.0 29.0 94.0 53.0 48.0 65.0 88.0 26.0 86.0 42.0 
69.0 59.0 62.0 63.0 42.0 29.0 73.0 18.0 82.0 78.0 48.0 60.0 84.0 73.0 84.0 9.0 82.0 53.0 14.0 1.0 12.0 
98.0 2.0 47.0 62.0 69.0 11.0 28.0 14.0 83.0 32.0 94.0 24.0 71.0 1.0 16.0 91.0 53.0 50.0 38.0 26.0 17.0 
row1[n] = 26.0
row1[n] = 26.0
row1[n] = 26.0
row1[n] = 26.0
row1[n] = 26.0
row1[n] = 26.0
row1[n] = 26.0
row1[n] = 26.0
row1[n] = 26.0
row1[n] = 26.0
row1[n] = 26.0
row1[n] = 26.0
row1[n] = 26.0
row1[n] = 26.0
row1[n] = 26.0
row1[n] = 26.0
row1[n] = 26.0
row1[n] = 26.0
row1[n] = 26.0
row1[n] = -94.0769230769231
row1[n] = -94.0769230769231
row1[n] = -94.0769230769231
row1[n] = -94.0769230769231
row1[n] = -94.0769230769231
row1[n] = -94.0769230769231
row1[n] = -94.0769230769231
row1[n] = -94.0769230769231
row1[n] = -94.0769230769231
row1[n] = -94.0769230769231
row1[n] = -94.0769230769231
row1[n] = -94.0769230769231
row1[n] = -94.0769230769231
row1[n] = -94.0769230769231
row1[n] = -94.0769230769231
row1[n] = -94.0769230769231
row1[n] = -94.0769230769231
row1[n] = -94.0769230769231
row1[n] = 10.46565821749796
row1[n] = 10.46565821749796
row1[n] = 10.46565821749796
row1[n] = 10.46565821749796
row1[n] = 10.46565821749796
row1[n] = 10.46565821749796
row1[n] = 10.46565821749796
row1[n] = 10.46565821749796
row1[n] = 10.46565821749796
row1[n] = 10.46565821749796
row1[n] = 10.46565821749796
row1[n] = 10.46565821749796
row1[n] = 10.46565821749796
row1[n] = 10.46565821749796
row1[n] = 10.46565821749796
row1[n] = 10.46565821749796
row1[n] = 10.46565821749796
row1[n] = -95.56685808039376
row1[n] = -95.56685808039376
row1[n] = -95.56685808039376
row1[n] = -95.56685808039376
row1[n] = -95.56685808039376
row1[n] = -95.56685808039376
row1[n] = -95.56685808039376
row1[n] = -95.56685808039376
row1[n] = -95.56685808039376
row1[n] = -95.56685808039376
row1[n] = -95.56685808039376
row1[n] = -95.56685808039376
row1[n] = -95.56685808039376
row1[n] = -95.56685808039376
row1[n] = -95.56685808039376
row1[n] = -95.56685808039376
row1[n] = -18.537871318696375
row1[n] = -18.537871318696375
row1[n] = -18.537871318696375
row1[n] = -18.537871318696375
row1[n] = -18.537871318696375
row1[n] = -18.537871318696375
row1[n] = -18.537871318696375
row1[n] = -18.537871318696375
row1[n] = -18.537871318696375
row1[n] = -18.537871318696375
row1[n] = -18.537871318696375
row1[n] = -18.537871318696375
row1[n] = -18.537871318696375
row1[n] = -18.537871318696375
row1[n] = -18.537871318696375
row1[n] = 1210.553770014982
row1[n] = 1210.553770014982
row1[n] = 1210.553770014982
row1[n] = 1210.553770014982
row1[n] = 1210.553770014982
row1[n] = 1210.553770014982
row1[n] = 1210.553770014982
row1[n] = 1210.553770014982
row1[n] = 1210.553770014982
row1[n] = 1210.553770014982
row1[n] = 1210.553770014982
row1[n] = 1210.553770014982
row1[n] = 1210.553770014982
row1[n] = 1210.553770014982
row1[n] = 18.970155639295967
row1[n] = 18.970155639295967
row1[n] = 18.970155639295967
row1[n] = 18.970155639295967
row1[n] = 18.970155639295967
row1[n] = 18.970155639295967
row1[n] = 18.970155639295967
row1[n] = 18.970155639295967
row1[n] = 18.970155639295967
row1[n] = 18.970155639295967
row1[n] = 18.970155639295967
row1[n] = 18.970155639295967
row1[n] = 18.970155639295967
row1[n] = -4.593690069135356
row1[n] = -4.593690069135356
row1[n] = -4.593690069135356
row1[n] = -4.593690069135356
row1[n] = -4.593690069135356
row1[n] = -4.593690069135356
row1[n] = -4.593690069135356
row1[n] = -4.593690069135356
row1[n] = -4.593690069135356
row1[n] = -4.593690069135356
row1[n] = -4.593690069135356
row1[n] = -4.593690069135356
row1[n] = 93.44723788958852
row1[n] = 93.44723788958852
row1[n] = 93.44723788958852
row1[n] = 93.44723788958852
row1[n] = 93.44723788958852
row1[n] = 93.44723788958852
row1[n] = 93.44723788958852
row1[n] = 93.44723788958852
row1[n] = 93.44723788958852
row1[n] = 93.44723788958852
row1[n] = 93.44723788958852
row1[n] = -1367.7073907852428
row1[n] = -1367.7073907852428
row1[n] = -1367.7073907852428
row1[n] = -1367.7073907852428
row1[n] = -1367.7073907852428
row1[n] = -1367.7073907852428
row1[n] = -1367.7073907852428
row1[n] = -1367.7073907852428
row1[n] = -1367.7073907852428
row1[n] = -1367.7073907852428
row1[n] = 11.172751697438002
row1[n] = 11.172751697438002
row1[n] = 11.172751697438002
row1[n] = 11.172751697438002
row1[n] = 11.172751697438002
row1[n] = 11.172751697438002
row1[n] = 11.172751697438002
row1[n] = 11.172751697438002
row1[n] = 11.172751697438002
row1[n] = 296.3365723663001
row1[n] = 296.3365723663001
row1[n] = 296.3365723663001
row1[n] = 296.3365723663001
row1[n] = 296.3365723663001
row1[n] = 296.3365723663001
row1[n] = 296.3365723663001
row1[n] = 296.3365723663001
row1[n] = 191.30868605940668
row1[n] = 191.30868605940668
row1[n] = 191.30868605940668
row1[n] = 191.30868605940668
row1[n] = 191.30868605940668
row1[n] = 191.30868605940668
row1[n] = 191.30868605940668
row1[n] = -1400.9316483186667
row1[n] = -1400.9316483186667
row1[n] = -1400.9316483186667
row1[n] = -1400.9316483186667
row1[n] = -1400.9316483186667
row1[n] = -1400.9316483186667
row1[n] = 13.004044387753083
row1[n] = 13.004044387753083
row1[n] = 13.004044387753083
row1[n] = 13.004044387753083
row1[n] = 13.004044387753083
row1[n] = -1302.725786080417
row1[n] = -1302.725786080417
row1[n] = -1302.725786080417
row1[n] = -1302.725786080417
row1[n] = -60.03164377041139
row1[n] = -60.03164377041139
row1[n] = -60.03164377041139
row1[n] = -85.1391370928688
row1[n] = -85.1391370928688
row1[n] = -72.80378142821586
Tryangle form
26.0 90.0 17.0 67.0 68.0 9.0 60.0 38.0 37.0 38.0 76.0 14.0 33.0 94.0 88.0 58.0 99.0 84.0 9.0 45.0 18.0 
0 -94.0769230769231 -4.192307692307693 -42.346153846153854 -86.76923076923077 48.19230769230769 -10.384615384615387 -5.07692307692308 38.34615384615385 29.92307692307692 -53.15384615384616 64.07692307692308 37.03846153846154 -52.769230769230774 -95.23076923076924 -60.53846153846155 -98.88461538461539 -43.53846153846155 20.192307692307693 -37.03846153846155 -23.615384615384617 
0 0 10.46565821749796 -74.92027800490598 32.50940310711363 -129.47219950940308 -165.25020441537202 -86.92232215862632 -153.4427636958299 -205.7457072771872 -109.74734260016353 -215.72281275551916 -153.4076042518397 -113.40474243663124 3.972199509403083 45.274734260016345 -35.28250204415377 -116.18233851185606 -5.013491414554359 -31.592395748160257 94.16434995911692 
0 -1.4210854715202004E-14 0 -95.56685808039376 50.934372436423274 -105.4610336341263 -169.62264150943395 -80.37735849056601 -144.4438063986874 -128.30270713699747 -67.11238720262509 -171.09926168990967 -144.50615258408527 -149.27809680065627 27.305168170631642 13.251845775225572 11.564397046759609 -129.35274815422474 4.285479901558666 7.718621821164891 61.88433141919604 
0 -4.8430565405182754E-14 -7.105427357601002E-15 0 -18.537871318696375 226.2954350363961 161.27137902956815 99.53862793572313 249.0492757568623 478.9825610198754 230.0350888810407 433.06292061529996 179.92555354445034 -36.729543135754454 6.57141017717349 -203.20126503423782 212.34733871917135 62.16448265544358 31.90277042007569 138.53267432848702 -162.79330620793846 
0 -2.859121608456748E-13 -3.883596253508843E-14 -5.6843418860808015E-14 0 1210.553770014982 772.1703774165919 556.4086659392361 1233.5886735002045 2609.2691095490154 1314.0323027905813 2342.134708573697 912.2578011743661 -303.97196257354676 215.01654879254428 -1097.4452532774958 1189.8615400491458 286.25290572969766 247.29803669549392 817.4083917467069 -938.3699479034211 
0 2.15840032099886E-14 1.1979747716447379E-15 6.426259100871867E-14 0 0 18.970155639295967 -15.45772729319367 29.94060983612917 -43.76736312630601 -72.5954754767838 -150.51070553629097 47.26207438782876 22.539080062226162 -137.52324492296935 14.865613450137062 2.7923424678060655 48.34053729910835 -76.42326774723136 -34.58570770391532 135.62673235638863 
0 7.116130829302975E-15 2.152719881430367E-16 3.378961032425035E-14 0 -5.6843418860808015E-14 0 -4.593690069135356 85.81487891205192 9.237045491898897 -10.48274457970927 -24.20120286586542 -16.45523791473773 -0.8093296227387734 -98.38412672744973 -13.494538099265494 42.0868798519786 0.002121917375347948 -30.814482225973407 42.894255865177556 87.55518077153826 
0 -1.207538299384771E-14 -1.5674504706009564E-15 5.517560825566617E-14 0 -8.067698811640937E-14 1.1102230246251565E-16 0 93.44723788958852 148.19404555308265 53.58302077485509 106.54136812164558 -8.849693018103466 -150.7557058088551 -163.41826129821936 -70.59252801897864 174.92887230515046 -37.91516782004707 -0.9324808643126374 120.58204370206525 106.41888909195904 
7.105427357601002E-15 1.9022410437626102E-13 1.805018225868861E-14 -2.450507523089954E-13 0 1.1281087528843824E-13 5.946051714773406E-15 0 0 -1367.7073907852428 -590.0021833440785 -1210.444962387956 -234.04744662432023 1535.1521522740102 692.7017767540281 619.1670244905977 -1323.6257416664005 323.509072901566 -256.6037804974042 -611.4380873292793 -220.43568322865826 
-8.159540278692888E-15 -2.3800597522708674E-15 1.6570069002908895E-15 -1.7557508755820984E-14 7.105427357601002E-15 -2.2207248650357558E-14 -8.237810740289267E-15 0 0 2.2737367544323206E-13 11.172751697438002 -19.882304329094723 124.32152096779765 117.14077462552154 88.01642335720976 -26.330941300399445 23.991521798098802 11.971485388939527 -75.19589528328271 -70.8083728216161 -46.769896888921465 
4.229987109160806E-14 -1.2689865446440036E-14 -9.975887558650858E-15 -4.4040343618260334E-14 -3.6314961931568615E-14 9.185128242350205E-14 4.256894736818567E-14 0 -3.552713678800501E-15 -1.1762896365253977E-12 0 296.3365723663001 -748.9064365687904 -429.07511459471834 -194.98902284421354 211.2398624596417 -236.30012452317385 -163.35906256327402 541.991816816882 377.0477331076026 -44.19232524406601 
-8.847730977637857E-15 8.720714208127798E-15 2.410974418544142E-15 6.812521634944897E-14 -2.211675005918123E-14 2.0221239939335963E-13 -8.574905976544472E-15 0 5.551704350579444E-15 -2.3078183360501753E-13 0 5.6843418860808015E-14 191.30868605940668 -201.9118711612565 -157.71964583719773 -171.87415948767188 6.228506977975542 107.22476897911133 -30.85649686402155 -126.35620739218496 178.89106638775127 
1.0432281058684794E-14 4.071920552513383E-14 4.245979281993898E-15 3.403920253645593E-13 -1.103857358520437E-13 8.481086874141535E-13 1.1821541304268271E-14 0 1.869621611828559E-14 -1.6929655670133291E-12 -1.4210854715202004E-14 1.6373072061155791E-13 0 -1400.9316483186667 -1120.8404233816937 -515.4771599992097 -5.435242302081061 320.40921654296346 253.46797173111997 -53.71237182773524 933.6139272656528 
-4.8192413351899975E-15 2.9528231351124713E-14 -5.222912801341499E-15 7.231551168598367E-14 1.235360661230606E-14 -2.346008257545817E-13 -8.403987405099127E-15 3.552713678800501E-15 2.635059940479692E-15 -1.0567584078034792E-13 2.905743002632202E-14 2.3866574157876514E-14 -1.1368683772161603E-13 0 13.004044387753083 -88.28554333731086 116.38349449894746 -11.248347052162785 -119.17996587551323 36.281266309739735 124.452141757292 
-7.401277898600445E-14 4.366717060470164E-13 -6.492275921099488E-14 1.0378614314390461E-12 1.8150243456980712E-13 -3.5078325221043826E-12 -1.2705186740433832E-13 5.2631810464956165E-14 -2.1314431505782193E-14 -1.43538158604805E-12 4.2096157086680704E-13 3.324894421772304E-13 -1.6842179348785973E-12 1.1368683772161603E-13 2.8421709430404007E-14 -1302.725786080417 1739.3257528968998 -246.49680172426736 -1655.1369330173475 547.4115245122507 1869.3025565153296 
-7.233459619789737E-15 -3.8589263562030354E-15 1.2614920538306294E-14 -1.1443885967887125E-13 2.0282985055536138E-14 1.0577347379640844E-13 2.4999275688619964E-15 -1.6918277021201545E-14 -8.141183091771566E-14 1.7315719567929683E-13 -5.0789793547149314E-14 -7.92667383380664E-14 2.979409493117732E-14 1.5845063640484827E-13 3.961265910121207E-14 0 -60.03164377041139 -39.4190924563095 131.12733167174747 -100.94050851459508 -186.55361799247248 
-1.625744886124503E-14 8.81362044830515E-15 2.3531445358706533E-14 -1.5607421676564422E-13 3.4830429183229865E-14 2.737154722814036E-14 -2.1176654065905767E-15 -2.5308540064844353E-14 -1.1856083299634107E-13 4.824250342022141E-13 -7.409144021029763E-14 -1.1239940590920425E-13 9.175477535814867E-15 2.3526196044375337E-13 5.881549011093834E-14 2.8421709430404007E-14 1.4210854715202004E-14 -85.1391370928688 156.28801863179982 -45.759365082904736 -144.32027678470138 
5.10110870289462E-15 2.553576978168145E-14 3.044377026715216E-15 1.4846731742094842E-14 -1.7632640096815205E-14 -2.5612354658508642E-14 9.261587604846687E-15 6.636100687200876E-15 1.8804687384898427E-14 1.0751544060906387E-13 2.3743303562709005E-14 7.430952654635402E-14 -1.0313133907035935E-14 -3.22511786582689E-14 -8.062794664567225E-15 1.849022253238625E-14 9.245111266193124E-15 -7.105427357601002E-15 -72.80378142821586 97.1515935204437 62.27507890794371 
-7.959448489294156E-15 -1.667207691056725E-14 1.993386431786286E-15 -7.160453960011675E-14 6.22515192087542E-14 -6.764407590706695E-14 -5.17270372798073E-15 -2.3638458585124545E-14 -1.8171561597614907E-14 -1.5698137812803884E-13 -5.437897241924346E-14 -1.9024241877520113E-13 -9.735531310943829E-14 2.6084677304785446E-13 6.521169326196362E-14 -1.4080322964113087E-13 -1.3558195959757418E-14 9.203723092580984E-15 0 -187.771255600151 -289.14594111933604 
row1[n] = -187.771255600151
row1[n] = -187.771255600151
row1[n] = -187.771255600151
row1[n] = -187.771255600151
row1[n] = -187.771255600151
row1[n] = -187.771255600151
row1[n] = -187.771255600151
row1[n] = -187.771255600151
row1[n] = -187.771255600151
row1[n] = -187.771255600151
row1[n] = -187.771255600151
row1[n] = -187.771255600151
row1[n] = -187.771255600151
row1[n] = -187.771255600151
row1[n] = -187.771255600151
row1[n] = -187.771255600151
row1[n] = -187.771255600151
row1[n] = -187.771255600151
row1[n] = -187.771255600151
row1[n] = -72.80378142821586
row1[n] = -72.80378142821586
row1[n] = -72.80378142821586
row1[n] = -72.80378142821586
row1[n] = -72.80378142821586
row1[n] = -72.80378142821586
row1[n] = -72.80378142821586
row1[n] = -72.80378142821586
row1[n] = -72.80378142821586
row1[n] = -72.80378142821586
row1[n] = -72.80378142821586
row1[n] = -72.80378142821586
row1[n] = -72.80378142821586
row1[n] = -72.80378142821586
row1[n] = -72.80378142821586
row1[n] = -72.80378142821586
row1[n] = -72.80378142821586
row1[n] = -72.80378142821586
row1[n] = -85.1391370928688
row1[n] = -85.1391370928688
row1[n] = -85.1391370928688
row1[n] = -85.1391370928688
row1[n] = -85.1391370928688
row1[n] = -85.1391370928688
row1[n] = -85.1391370928688
row1[n] = -85.1391370928688
row1[n] = -85.1391370928688
row1[n] = -85.1391370928688
row1[n] = -85.1391370928688
row1[n] = -85.1391370928688
row1[n] = -85.1391370928688
row1[n] = -85.1391370928688
row1[n] = -85.1391370928688
row1[n] = -85.1391370928688
row1[n] = -85.1391370928688
row1[n] = -60.031643770411385
row1[n] = -60.031643770411385
row1[n] = -60.031643770411385
row1[n] = -60.031643770411385
row1[n] = -60.031643770411385
row1[n] = -60.031643770411385
row1[n] = -60.031643770411385
row1[n] = -60.031643770411385
row1[n] = -60.031643770411385
row1[n] = -60.031643770411385
row1[n] = -60.031643770411385
row1[n] = -60.031643770411385
row1[n] = -60.031643770411385
row1[n] = -60.031643770411385
row1[n] = -60.031643770411385
row1[n] = -60.031643770411385
row1[n] = -1302.7257860804161
row1[n] = -1302.7257860804161
row1[n] = -1302.7257860804161
row1[n] = -1302.7257860804161
row1[n] = -1302.7257860804161
row1[n] = -1302.7257860804161
row1[n] = -1302.7257860804161
row1[n] = -1302.7257860804161
row1[n] = -1302.7257860804161
row1[n] = -1302.7257860804161
row1[n] = -1302.7257860804161
row1[n] = -1302.7257860804161
row1[n] = -1302.7257860804161
row1[n] = -1302.7257860804161
row1[n] = -1302.7257860804161
row1[n] = 13.004044387753085
row1[n] = 13.004044387753085
row1[n] = 13.004044387753085
row1[n] = 13.004044387753085
row1[n] = 13.004044387753085
row1[n] = 13.004044387753085
row1[n] = 13.004044387753085
row1[n] = 13.004044387753085
row1[n] = 13.004044387753085
row1[n] = 13.004044387753085
row1[n] = 13.004044387753085
row1[n] = 13.004044387753085
row1[n] = 13.004044387753085
row1[n] = 13.004044387753085
row1[n] = -1400.9316483186637
row1[n] = -1400.9316483186637
row1[n] = -1400.9316483186637
row1[n] = -1400.9316483186637
row1[n] = -1400.9316483186637
row1[n] = -1400.9316483186637
row1[n] = -1400.9316483186637
row1[n] = -1400.9316483186637
row1[n] = -1400.9316483186637
row1[n] = -1400.9316483186637
row1[n] = -1400.9316483186637
row1[n] = -1400.9316483186637
row1[n] = -1400.9316483186637
row1[n] = 191.3086860594067
row1[n] = 191.3086860594067
row1[n] = 191.3086860594067
row1[n] = 191.3086860594067
row1[n] = 191.3086860594067
row1[n] = 191.3086860594067
row1[n] = 191.3086860594067
row1[n] = 191.3086860594067
row1[n] = 191.3086860594067
row1[n] = 191.3086860594067
row1[n] = 191.3086860594067
row1[n] = 191.3086860594067
row1[n] = 296.3365723663002
row1[n] = 296.3365723663002
row1[n] = 296.3365723663002
row1[n] = 296.3365723663002
row1[n] = 296.3365723663002
row1[n] = 296.3365723663002
row1[n] = 296.3365723663002
row1[n] = 296.3365723663002
row1[n] = 296.3365723663002
row1[n] = 296.3365723663002
row1[n] = 296.3365723663002
row1[n] = 11.172751697438002
row1[n] = 11.172751697438002
row1[n] = 11.172751697438002
row1[n] = 11.172751697438002
row1[n] = 11.172751697438002
row1[n] = 11.172751697438002
row1[n] = 11.172751697438002
row1[n] = 11.172751697438002
row1[n] = 11.172751697438002
row1[n] = 11.172751697438002
row1[n] = -1367.7073907852405
row1[n] = -1367.7073907852405
row1[n] = -1367.7073907852405
row1[n] = -1367.7073907852405
row1[n] = -1367.7073907852405
row1[n] = -1367.7073907852405
row1[n] = -1367.7073907852405
row1[n] = -1367.7073907852405
row1[n] = -1367.7073907852405
row1[n] = 93.44723788958851
row1[n] = 93.44723788958851
row1[n] = 93.44723788958851
row1[n] = 93.44723788958851
row1[n] = 93.44723788958851
row1[n] = 93.44723788958851
row1[n] = 93.44723788958851
row1[n] = 93.44723788958851
row1[n] = -4.593690069135355
row1[n] = -4.593690069135355
row1[n] = -4.593690069135355
row1[n] = -4.593690069135355
row1[n] = -4.593690069135355
row1[n] = -4.593690069135355
row1[n] = -4.593690069135355
row1[n] = 18.970155639295967
row1[n] = 18.970155639295967
row1[n] = 18.970155639295967
row1[n] = 18.970155639295967
row1[n] = 18.970155639295967
row1[n] = 18.970155639295967
row1[n] = 1210.553770014981
row1[n] = 1210.553770014981
row1[n] = 1210.553770014981
row1[n] = 1210.553770014981
row1[n] = 1210.553770014981
row1[n] = -18.53787131869637
row1[n] = -18.53787131869637
row1[n] = -18.53787131869637
row1[n] = -18.53787131869637
row1[n] = -95.56685808039366
row1[n] = -95.56685808039366
row1[n] = -95.56685808039366
row1[n] = 10.46565821749796
row1[n] = 10.46565821749796
row1[n] = -94.07692307692312
Result matrix
26.000000000000004 0 0 1.7637691941536692E-14 1.4210854715202004E-14 1.7766112668715094E-14 -1.699376534830983E-15 -2.667547667469023E-16 -3.484314020978646E-14 -2.211104211534706E-14 1.3396116727220794E-14 -2.256243100453228E-15 2.814109898687823E-14 -1.584945567369126E-14 -5.717530969472316E-15 -4.901282847345829E-14 1.6616605742553213E-14 1.800198467435519E-14 1.1844958119634537E-14 2.706911430836593E-14 14.113366189696421 
3.2315009644974226E-15 -94.07692307692312 0 -5.692549316888715E-15 0 -1.075961309273365E-14 -1.7763568394002505E-15 -9.296973456603092E-15 2.4320239575555315E-13 3.4793695604624916E-13 7.950630484463856E-14 -2.1239624027382796E-13 1.4418708725766047E-13 -1.2584843805784252E-13 -3.859399918987458E-13 2.2679999494134905E-13 -3.707439871771458E-13 1.341058054934624E-13 -1.5208679356979628E-13 2.2720436770116662E-13 225.05858600314477 
1.4321802305013273E-15 -2.234111041675356E-15 10.46565821749796 -1.4210854715202004E-14 0 -1.1140694664824293E-14 0 -8.614568833341965E-16 2.580434338429524E-14 2.275512328519534E-14 -3.8070099851198685E-15 -2.2679988256401188E-14 3.3398949956705056E-15 3.773871550951699E-16 -4.395646337668455E-14 2.494288650096106E-14 -5.1557852954858235E-14 5.5351939055357005E-15 -3.89087685409914E-15 6.866653120524616E-15 16.524509646975957 
2.581892506662034E-15 -4.6378210815361205E-14 -1.3164199373566628E-14 -95.56685808039366 0 1.4210854715202004E-14 0 -5.2296627553680495E-15 -9.697556163180055E-14 -1.561821105045627E-13 1.1967571783949536E-13 -2.2031158834167526E-13 1.39680600250092E-13 2.9868735051601873E-13 -4.751501576791809E-13 -1.0220522438716859E-13 -4.327330420457711E-13 1.2820504611582994E-13 -5.751664349103904E-15 2.7112089893150608E-15 130.72540603838564 
-1.0856031838068261E-17 -2.1662925204299074E-15 1.2617731464158612E-15 -9.666044230340042E-15 -18.53787131869637 0 0 1.5848820160929402E-15 -4.2504204335850136E-14 -5.6843418860808015E-14 -1.260672221717051E-14 3.57090436340991E-14 -2.4108758158630885E-14 -2.487974347506932E-16 5.042688886868204E-14 -4.0919322319757195E-14 5.287523345558597E-14 -1.9729981592491848E-14 2.562245988074673E-15 -3.272869885185338E-14 -11.925469444632654 
-9.824858289209554E-14 1.4946628579905286E-13 2.1276211889365885E-13 -1.481372172042644E-12 6.05733211404874E-13 1210.553770014981 0 7.230568674222757E-14 2.2737367544323206E-13 0 -1.6852218214882207E-12 2.5032872475000836E-12 -1.3254340944416875E-12 -3.302251276202313E-12 6.740887285952883E-12 2.9967936218545965E-13 6.146820244230104E-12 -1.8742727654689304E-12 1.024353823620457E-12 -4.1755623600971007E-13 -2122.2257693357105 
-1.3625452353831128E-15 8.954157766499015E-15 1.969374521644959E-15 -5.076920045915873E-15 1.912477011366855E-15 2.0089324384198663E-15 18.970155639295967 -1.7763568394002505E-15 0 0 1.9680274703092722E-14 -4.485458419115636E-14 4.525575739125719E-14 3.726733586922688E-15 -7.872109881237089E-14 -1.7763568394002505E-15 -6.660608049052201E-14 2.3722728807371952E-14 -4.134399664677095E-14 3.329017591641215E-14 -0.8202938166872151 
1.368531351662817E-16 -6.211718891076439E-16 -5.07278340740537E-16 2.2583553848823524E-15 -1.5517145024895923E-15 5.164365115336295E-15 -9.46749149125685E-17 -4.593690069135355 0 0 -6.525087333574862E-15 8.038451508438362E-15 8.057375723141094E-15 -3.072866845360908E-14 2.610034933429945E-14 0 2.788553441337173E-14 -6.195453540181155E-15 -3.663769036139829E-15 1.2907645942239103E-14 3.446864020638813 
-8.59740424429732E-15 1.0732213000646197E-14 1.2172757973968575E-14 -7.649754205433409E-14 2.407902663737742E-14 8.365005645656325E-15 2.315358176066171E-15 -1.888600543898022E-14 93.44723788958851 0 7.105427357601002E-15 -1.0425573400361987E-14 1.958463960013123E-14 1.5612212703918195E-14 -2.8421709430404007E-14 0 -2.4295437908982578E-14 1.8583109704867338E-14 -1.3079837602649772E-13 1.6002341675739485E-14 -77.04599156206976 
-1.8606759643271097E-13 2.0498129554132628E-13 1.7194086195890086E-13 -7.383138875878651E-13 2.99330607851193E-13 -1.141674347945675E-12 -1.793261528123775E-13 -1.6688037497263842E-13 2.1532821121925944E-13 -1367.7073907852405 0 -2.2737367544323206E-13 8.955939132857947E-13 -6.149607056900527E-13 0 0 2.1679305096384767E-13 -3.853303218442892E-14 -5.594420661080156E-13 7.476904705668872E-13 623.902398018436 
1.6091615841681332E-16 -2.5478158461954166E-15 6.583402644176589E-16 -7.418480526872606E-15 -7.4352608274158805E-16 1.2869593121489474E-14 2.9774066448798713E-16 2.281249322010114E-16 4.592112231700362E-15 3.7750795119251856E-14 11.172751697438002 0 7.627665690212415E-15 -2.521572963964799E-14 0 0 1.906916422553104E-15 -3.777509699960065E-16 -1.522539660417872E-20 1.144081817914621E-14 -13.58937117809979 
1.1578497609598233E-15 -3.5803613713415494E-14 -2.423603678437668E-14 1.1894624997676702E-13 -7.076303493282871E-15 -2.4950223196896886E-13 -2.4702687361526664E-14 1.6261688845169882E-14 1.3283691266105155E-13 -1.0507770272901812E-12 6.490295225042076E-14 296.3365723663002 1.1368683772161603E-13 1.1126102828445442E-13 0 0 2.8421709430404007E-14 -2.2302475678402916E-14 1.8654460716458248E-13 7.042665252465369E-14 91.6575716975204 
-1.762954462902367E-14 1.6761540069237403E-14 2.9070332456069166E-14 -1.2608092497927122E-13 7.228790974603987E-15 1.2229225983392224E-13 -1.469173699189467E-15 -1.791953411137981E-14 -3.6773024632901024E-14 7.285855799098965E-13 -5.759153128343918E-14 -2.7602498102854785E-14 191.3086860594067 2.8421709430404007E-14 0 0 0 -5.222993418354205E-16 -6.488906381624232E-14 -1.2162688932245463E-14 -21.140282877238548 
-1.1333954031040928E-13 3.0110106057594165E-13 2.471029161679179E-13 -1.3994272425552253E-12 4.4591846734605024E-13 4.766501124018081E-13 1.0476275546981245E-13 -3.3619355551338904E-13 -3.756446841102026E-13 4.050618621916218E-12 -8.299662210600196E-13 -1.304713598809671E-12 -6.325539059350509E-13 -1400.9316483186637 0 0 0 1.531071790115876E-13 -1.923267173959193E-12 -1.4210854715202004E-14 -1641.5339545911188 
-7.567786257187141E-16 1.2132903941559287E-15 7.101384695804597E-16 -6.772880774563595E-15 1.9052759561791143E-15 1.9176254772401575E-15 1.7277578274529422E-16 -1.4031404211188699E-15 -2.4899151330261605E-15 2.5803364424415852E-14 -3.391257609205697E-15 -3.913589863246585E-15 3.486954810426291E-17 5.8674403056743724E-15 13.004044387753085 0 0 1.7763568394002505E-15 -1.7557369447483308E-14 0 -7.637209382406752 
4.522820266853403E-14 2.3186297180961253E-13 -1.232021152931833E-13 1.0131115994834072E-12 -4.206582794714416E-13 3.5013831045368784E-14 -1.1783673405372057E-14 2.1165356019200312E-13 -3.4086583173585386E-13 -3.0695044667818943E-12 6.545533087260497E-13 1.655558485417216E-12 2.124755962055263E-13 -1.969369836078769E-12 -4.923424590196922E-13 -1302.7257860804161 0 0 6.909270303504452E-13 0 1815.1032557983974 
4.467801711955889E-15 1.279111374581741E-14 4.16318309194128E-15 -2.968417234945161E-14 -1.0518600614727158E-14 7.290711502946017E-14 1.0993025425296485E-14 3.2404126468599175E-16 -1.1210526645801015E-14 3.7697197874994443E-14 3.0660265782874197E-15 3.410749231027556E-14 1.7912952511475936E-14 2.1638983647022007E-14 5.409745911755502E-15 2.7664572936127267E-15 -60.031643770411385 0 1.3159141965244328E-14 0 -67.41150778167851 
-1.2207665925499888E-14 4.917675204492029E-14 3.1795065217032365E-14 -1.8628326148308067E-13 5.0949966553204165E-14 -8.625740688710217E-14 1.3279510653873205E-14 -3.1557160887451485E-14 -9.394737002894268E-14 5.771270628477077E-13 -7.026777054693342E-14 -1.1781762859214883E-13 -9.737001036688471E-14 3.9218031999522614E-13 9.804507999880653E-14 -5.396054709069741E-14 2.230250753464063E-14 -85.1391370928688 -2.8421709430404007E-14 0 -261.32141968618475 
9.82943215811444E-16 1.6909748541209423E-14 4.0757418526631186E-15 -2.22009787991956E-14 1.4575880162949822E-14 -6.061094773701242E-14 6.585265244556396E-15 -5.5942799031178456E-15 9.402842782428995E-15 2.629432404663069E-14 -4.392013569023008E-15 -2.4120630295924144E-14 -6.068412267224109E-14 1.0270919951712316E-13 2.567729987928079E-14 -5.4360428057020766E-14 2.2301912320118357E-15 -2.3434825013062364E-15 -72.80378142821586 0 -87.32709981705861 
-7.959448489294156E-15 -1.667207691056725E-14 1.993386431786286E-15 -7.160453960011675E-14 6.22515192087542E-14 -6.764407590706695E-14 -5.17270372798073E-15 -2.3638458585124545E-14 -1.8171561597614907E-14 -1.5698137812803884E-13 -5.437897241924346E-14 -1.9024241877520113E-13 -9.735531310943829E-14 2.6084677304785446E-13 6.521169326196362E-14 -1.4080322964113087E-13 -1.3558195959757418E-14 9.203723092580984E-15 0 -187.771255600151 -289.14594111933604 
0.5428217765267853 0
-2.392282598561636 0
1.5789269345092847 0
-1.3678947771665317 0
0.6433030653635631 0
-1.7531032672009668 0
-0.04324128026593557 0
-0.7503475351543683 0
-0.8244865584267193 0
-0.4561665764343318 0
-1.2162958191593873 0
0.30930226048583337 0
-0.11050351822851315 0
1.1717445005694713 0
-0.5872949333823639 0
-1.3933118352248175 0
1.1229328991804908 0
3.069345410456044 0
1.1994857698863166 0
1.5398839412090692 0
?[1;31m
Start test 9?[0m
numberOfVariables = 20
numberOfEquations = 20
0.11
0.62
0.28
0.94
0.53
0.94
0.06
1.0
0.61
0.45
0.03
0.79
0.87
0.32
0.66
0.5
0.14
0.82
0.44
0.13
0.43
0.8
0.7
0.16
0.09
0.4
0.63
0.46
1.0
0.9
0.14
0.03
0.8
0.98
0.71
0.67
0.42
0.73
0.01
0.75
0.59
0.64
0.99
0.01
0.45
0.85
0.17
0.14
0.58
0.27
0.96
0.52
0.74
0.89
0.72
0.93
0.22
0.9
0.41
0.78
0.56
0.67
0.84
0.19
0.35
0.98
0.28
0.74
0.42
0.82
0.51
0.33
0.84
0.85
0.46
0.71
0.93
0.11
0.88
0.08
0.72
0.68
0.73
0.82
0.59
0.52
0.17
0.62
0.9
0.66
0.23
0.47
0.29
0.78
0.43
0.99
0.67
0.63
0.38
0.85
0.72
0.6
0.97
0.75
0.96
0.66
0.24
0.9
0.43
0.39
0.31
0.64
0.17
0.75
0.62
0.38
0.38
0.41
0.38
0.41
0.9
0.29
0.21
0.54
0.87
0.35
0.06
0.57
0.04
0.74
0.27
0.75
0.0
0.52
0.42
0.85
0.35
0.19
0.57
0.42
0.93
0.77
0.09
0.4
0.83
0.39
0.46
0.87
0.77
0.71
0.61
0.73
0.28
0.02
0.96
0.29
0.37
0.27
0.43
0.02
0.82
0.16
0.34
0.49
0.9
0.35
0.11
0.18
0.87
0.7
0.4
0.27
0.35
0.57
0.36
0.89
0.09
0.78
0.64
0.84
0.06
0.69
0.41
0.4
0.64
0.55
0.81
0.69
0.27
0.34
0.49
0.27
1.0
0.78
0.01
0.58
0.87
0.47
0.27
0.23
0.35
0.55
0.06
0.67
0.74
0.17
0.68
0.75
0.76
0.16
0.38
0.71
0.29
0.94
0.84
0.46
0.98
0.0
0.89
0.58
0.09
0.04
0.04
0.66
0.21
0.58
0.8
0.96
0.78
0.67
0.11
0.36
0.37
0.1
0.36
0.46
0.15
0.99
0.38
0.39
0.52
0.76
0.68
0.94
0.31
0.21
0.99
0.78
0.17
0.15
0.06
0.06
0.94
0.3
0.35
0.24
0.79
0.86
0.7
0.81
0.2
0.23
0.52
0.91
0.55
0.21
0.47
0.44
0.1
0.97
0.61
0.13
0.03
0.03
0.28
0.32
0.06
0.54
0.08
1.0
0.69
0.29
0.48
0.84
0.37
0.74
0.13
0.2
0.75
0.46
0.03
0.68
0.72
0.33
0.43
0.78
0.69
0.91
0.8
0.68
0.46
0.9
0.65
0.19
0.81
0.28
0.3
0.75
0.94
0.05
0.65
0.29
0.61
0.74
0.68
0.01
0.46
0.38
0.72
0.97
0.39
0.88
0.62
0.93
0.26
0.58
0.02
0.95
0.49
0.69
0.64
0.47
0.53
0.43
0.1
0.09
0.83
0.72
0.84
0.41
0.53
0.53
0.67
0.09
0.49
0.42
0.88
0.14
0.09
0.02
0.49
0.29
0.29
0.17
0.08
0.9
0.45
0.54
0.57
0.53
0.23
0.78
0.89
0.24
0.98
0.7
0.75
0.46
0.85
0.39
0.58
0.36
0.29
0.54
0.83
0.97
0.62
0.34
0.3
0.64
0.71
0.07
0.03
0.76
0.25
0.34
0.97
0.93
0.48
0.57
0.98
0.33
0.4
0.18
0.01
0.81
0.38
0.87
0.95
0.25
0.7
0.07
0.4
0.67
0.84
0.12
0.43
0.61
0.7
0.89
0.88
0.48
0.14
0.32
0.98
0.15
0.87
0.34
0.81
0.37
Initial matrix
0.11 0.62 0.28 0.94 0.53 0.94 0.06 1.0 0.61 0.45 0.03 0.79 0.87 0.32 0.66 0.5 0.14 0.82 0.44 0.13 0.43 
0.8 0.7 0.16 0.09 0.4 0.63 0.46 1.0 0.9 0.14 0.03 0.8 0.98 0.71 0.67 0.42 0.73 0.01 0.75 0.59 0.64 
0.99 0.01 0.45 0.85 0.17 0.14 0.58 0.27 0.96 0.52 0.74 0.89 0.72 0.93 0.22 0.9 0.41 0.78 0.56 0.67 0.84 
0.19 0.35 0.98 0.28 0.74 0.42 0.82 0.51 0.33 0.84 0.85 0.46 0.71 0.93 0.11 0.88 0.08 0.72 0.68 0.73 0.82 
0.59 0.52 0.17 0.62 0.9 0.66 0.23 0.47 0.29 0.78 0.43 0.99 0.67 0.63 0.38 0.85 0.72 0.6 0.97 0.75 0.96 
0.66 0.24 0.9 0.43 0.39 0.31 0.64 0.17 0.75 0.62 0.38 0.38 0.41 0.38 0.41 0.9 0.29 0.21 0.54 0.87 0.35 
0.06 0.57 0.04 0.74 0.27 0.75 0 0.52 0.42 0.85 0.35 0.19 0.57 0.42 0.93 0.77 0.09 0.4 0.83 0.39 0.46 
0.87 0.77 0.71 0.61 0.73 0.28 0.02 0.96 0.29 0.37 0.27 0.43 0.02 0.82 0.16 0.34 0.49 0.9 0.35 0.11 0.18 
0.87 0.7 0.4 0.27 0.35 0.57 0.36 0.89 0.09 0.78 0.64 0.84 0.06 0.69 0.41 0.4 0.64 0.55 0.81 0.69 0.27 
0.34 0.49 0.27 1.0 0.78 0.01 0.58 0.87 0.47 0.27 0.23 0.35 0.55 0.06 0.67 0.74 0.17 0.68 0.75 0.76 0.16 
0.38 0.71 0.29 0.94 0.84 0.46 0.98 0 0.89 0.58 0.09 0.04 0.04 0.66 0.21 0.58 0.8 0.96 0.78 0.67 0.11 
0.36 0.37 0.1 0.36 0.46 0.15 0.99 0.38 0.39 0.52 0.76 0.68 0.94 0.31 0.21 0.99 0.78 0.17 0.15 0.06 0.06 
0.94 0.3 0.35 0.24 0.79 0.86 0.7 0.81 0.2 0.23 0.52 0.91 0.55 0.21 0.47 0.44 0.1 0.97 0.61 0.13 0.03 
0.03 0.28 0.32 0.06 0.54 0.08 1.0 0.69 0.29 0.48 0.84 0.37 0.74 0.13 0.2 0.75 0.46 0.03 0.68 0.72 0.33 
0.43 0.78 0.69 0.91 0.8 0.68 0.46 0.9 0.65 0.19 0.81 0.28 0.3 0.75 0.94 0.05 0.65 0.29 0.61 0.74 0.68 
0.01 0.46 0.38 0.72 0.97 0.39 0.88 0.62 0.93 0.26 0.58 0.02 0.95 0.49 0.69 0.64 0.47 0.53 0.43 0.1 0.09 
0.83 0.72 0.84 0.41 0.53 0.53 0.67 0.09 0.49 0.42 0.88 0.14 0.09 0.02 0.49 0.29 0.29 0.17 0.08 0.9 0.45 
0.54 0.57 0.53 0.23 0.78 0.89 0.24 0.98 0.7 0.75 0.46 0.85 0.39 0.58 0.36 0.29 0.54 0.83 0.97 0.62 0.34 
0.3 0.64 0.71 0.07 0.03 0.76 0.25 0.34 0.97 0.93 0.48 0.57 0.98 0.33 0.4 0.18 0.01 0.81 0.38 0.87 0.95 
0.25 0.7 0.07 0.4 0.67 0.84 0.12 0.43 0.61 0.7 0.89 0.88 0.48 0.14 0.32 0.98 0.15 0.87 0.34 0.81 0.37 
row1[n] = 0.11
row1[n] = 0.11
row1[n] = 0.11
row1[n] = 0.11
row1[n] = 0.11
row1[n] = 0.11
row1[n] = 0.11
row1[n] = 0.11
row1[n] = 0.11
row1[n] = 0.11
row1[n] = 0.11
row1[n] = 0.11
row1[n] = 0.11
row1[n] = 0.11
row1[n] = 0.11
row1[n] = 0.11
row1[n] = 0.11
row1[n] = 0.11
row1[n] = 0.11
row1[n] = -3.8090909090909095
row1[n] = -3.8090909090909095
row1[n] = -3.8090909090909095
row1[n] = -3.8090909090909095
row1[n] = -3.8090909090909095
row1[n] = -3.8090909090909095
row1[n] = -3.8090909090909095
row1[n] = -3.8090909090909095
row1[n] = -3.8090909090909095
row1[n] = -3.8090909090909095
row1[n] = -3.8090909090909095
row1[n] = -3.8090909090909095
row1[n] = -3.8090909090909095
row1[n] = -3.8090909090909095
row1[n] = -3.8090909090909095
row1[n] = -3.8090909090909095
row1[n] = -3.8090909090909095
row1[n] = -3.8090909090909095
row1[n] = 0.6737899761336519
row1[n] = 0.6737899761336519
row1[n] = 0.6737899761336519
row1[n] = 0.6737899761336519
row1[n] = 0.6737899761336519
row1[n] = 0.6737899761336519
row1[n] = 0.6737899761336519
row1[n] = 0.6737899761336519
row1[n] = 0.6737899761336519
row1[n] = 0.6737899761336519
row1[n] = 0.6737899761336519
row1[n] = 0.6737899761336519
row1[n] = 0.6737899761336519
row1[n] = 0.6737899761336519
row1[n] = 0.6737899761336519
row1[n] = 0.6737899761336519
row1[n] = 0.6737899761336519
row1[n] = -2.9167029732429386
row1[n] = -2.9167029732429386
row1[n] = -2.9167029732429386
row1[n] = -2.9167029732429386
row1[n] = -2.9167029732429386
row1[n] = -2.9167029732429386
row1[n] = -2.9167029732429386
row1[n] = -2.9167029732429386
row1[n] = -2.9167029732429386
row1[n] = -2.9167029732429386
row1[n] = -2.9167029732429386
row1[n] = -2.9167029732429386
row1[n] = -2.9167029732429386
row1[n] = -2.9167029732429386
row1[n] = -2.9167029732429386
row1[n] = -2.9167029732429386
row1[n] = 0.5559930802298045
row1[n] = 0.5559930802298045
row1[n] = 0.5559930802298045
row1[n] = 0.5559930802298045
row1[n] = 0.5559930802298045
row1[n] = 0.5559930802298045
row1[n] = 0.5559930802298045
row1[n] = 0.5559930802298045
row1[n] = 0.5559930802298045
row1[n] = 0.5559930802298045
row1[n] = 0.5559930802298045
row1[n] = 0.5559930802298045
row1[n] = 0.5559930802298045
row1[n] = 0.5559930802298045
row1[n] = 0.5559930802298045
row1[n] = 0.02743479973254624
row1[n] = 0.02743479973254624
row1[n] = 0.02743479973254624
row1[n] = 0.02743479973254624
row1[n] = 0.02743479973254624
row1[n] = 0.02743479973254624
row1[n] = 0.02743479973254624
row1[n] = 0.02743479973254624
row1[n] = 0.02743479973254624
row1[n] = 0.02743479973254624
row1[n] = 0.02743479973254624
row1[n] = 0.02743479973254624
row1[n] = 0.02743479973254624
row1[n] = 0.02743479973254624
row1[n] = -0.7061520753900805
row1[n] = -0.7061520753900805
row1[n] = -0.7061520753900805
row1[n] = -0.7061520753900805
row1[n] = -0.7061520753900805
row1[n] = -0.7061520753900805
row1[n] = -0.7061520753900805
row1[n] = -0.7061520753900805
row1[n] = -0.7061520753900805
row1[n] = -0.7061520753900805
row1[n] = -0.7061520753900805
row1[n] = -0.7061520753900805
row1[n] = -0.7061520753900805
row1[n] = 6.58604461138367
row1[n] = 6.58604461138367
row1[n] = 6.58604461138367
row1[n] = 6.58604461138367
row1[n] = 6.58604461138367
row1[n] = 6.58604461138367
row1[n] = 6.58604461138367
row1[n] = 6.58604461138367
row1[n] = 6.58604461138367
row1[n] = 6.58604461138367
row1[n] = 6.58604461138367
row1[n] = 6.58604461138367
row1[n] = -0.8498964384616742
row1[n] = -0.8498964384616742
row1[n] = -0.8498964384616742
row1[n] = -0.8498964384616742
row1[n] = -0.8498964384616742
row1[n] = -0.8498964384616742
row1[n] = -0.8498964384616742
row1[n] = -0.8498964384616742
row1[n] = -0.8498964384616742
row1[n] = -0.8498964384616742
row1[n] = -0.8498964384616742
row1[n] = -1.1380552189994586
row1[n] = -1.1380552189994586
row1[n] = -1.1380552189994586
row1[n] = -1.1380552189994586
row1[n] = -1.1380552189994586
row1[n] = -1.1380552189994586
row1[n] = -1.1380552189994586
row1[n] = -1.1380552189994586
row1[n] = -1.1380552189994586
row1[n] = -1.1380552189994586
row1[n] = 1.2870370162134348
row1[n] = 1.2870370162134348
row1[n] = 1.2870370162134348
row1[n] = 1.2870370162134348
row1[n] = 1.2870370162134348
row1[n] = 1.2870370162134348
row1[n] = 1.2870370162134348
row1[n] = 1.2870370162134348
row1[n] = 1.2870370162134348
row1[n] = 0.252412298676246
row1[n] = 0.252412298676246
row1[n] = 0.252412298676246
row1[n] = 0.252412298676246
row1[n] = 0.252412298676246
row1[n] = 0.252412298676246
row1[n] = 0.252412298676246
row1[n] = 0.252412298676246
row1[n] = 2.9294814678261387
row1[n] = 2.9294814678261387
row1[n] = 2.9294814678261387
row1[n] = 2.9294814678261387
row1[n] = 2.9294814678261387
row1[n] = 2.9294814678261387
row1[n] = 2.9294814678261387
row1[n] = -1.12341076224551
row1[n] = -1.12341076224551
row1[n] = -1.12341076224551
row1[n] = -1.12341076224551
row1[n] = -1.12341076224551
row1[n] = -1.12341076224551
row1[n] = 1.8043946619046887
row1[n] = 1.8043946619046887
row1[n] = 1.8043946619046887
row1[n] = 1.8043946619046887
row1[n] = 1.8043946619046887
row1[n] = -0.08157609004944114
row1[n] = -0.08157609004944114
row1[n] = -0.08157609004944114
row1[n] = -0.08157609004944114
row1[n] = -1.5061071116628983
row1[n] = -1.5061071116628983
row1[n] = -1.5061071116628983
row1[n] = 0.3226995648990464
row1[n] = 0.3226995648990464
row1[n] = 1.2280858161135189
Tryangle form
0.11 0.62 0.28 0.94 0.53 0.94 0.06 1.0 0.61 0.45 0.03 0.79 0.87 0.32 0.66 0.5 0.14 0.82 0.44 0.13 0.43 
0 -3.8090909090909095 -1.8763636363636367 -6.746363636363637 -3.454545454545455 -6.206363636363637 0.023636363636363622 -6.272727272727273 -3.5363636363636366 -3.132727272727273 -0.1881818181818182 -4.945454545454546 -5.347272727272728 -1.6172727272727276 -4.130000000000001 -3.2163636363636368 -0.2881818181818183 -5.953636363636364 -2.45 -0.3554545454545456 -2.4872727272727273 
0 8.881784197001252E-16 0.6737899761336519 2.2551479713603833 0.4515513126491655 0.7555107398568044 0.005436754176610922 0.44255369928401045 0.6411933174224345 1.0509594272076375 0.7451766109785203 1.0116945107398578 0.7092696897374706 0.41492362768496527 0.3192625298329368 1.1032601431980917 -0.4285942720763724 2.105949880668259 0.18261336515513182 0.019778042959427533 0.6071169451073986 
-2.7755575615628914E-17 -1.0113899813920487E-15 0 -2.9167029732429386 -0.09228295751599314 -0.9837760610375559 0.7050196586827621 -0.589361145941811 -0.8646349860795268 -0.6724948462372213 -0.10790034641786872 -1.2470705374790136 -0.6770227190614839 0.1590090961256445 -0.6518152933925584 -0.7691231164856656 0.434347969311202 -2.230916732195609 0.15291447941682731 0.5477339383248673 -0.21921386521581998 
-3.607774589438259E-18 -1.9757478117495983E-16 0 -5.551115123125783E-17 0.5559930802298045 0.0051544558164840215 -0.017990289490613653 -0.38322375735142106 -0.5373464776177678 0.5080255520226027 0.33819812001575134 0.15772806323246621 -0.19880992521899804 0.09456707929652242 -0.22668026696614335 0.3549901647088684 0.2697013769407585 0.14002689638652044 0.42074680326472763 0.38424943172692816 0.4118670482377084 
1.9441258052229202E-17 -5.458341529157938E-16 0 -1.909503141116676E-17 0 0.02743479973254624 -0.2806718892867898 -0.40549791273509117 -0.1087703077479778 7.171229737746587E-4 -0.46457347720139097 -0.26107276751972425 -0.4720581539558039 -0.7237288056864423 0.18823625550974077 0.003970671866468475 0.07667307636084598 -0.48021760782533257 -0.08409037470114358 0.11134919248775882 -0.4943995022441844 
5.020297781898005E-17 -1.5154485969323269E-15 0 -1.758587981935304E-16 -1.3877787807814457E-17 -1.3877787807814457E-17 -0.7061520753900805 -1.6148066284214824 -0.49011645285239347 0.7243114468224361 -0.735581067884637 -1.1765496789653562 -1.526166905196503 -1.7616380633250575 0.8036469347979761 0.5936142654209763 0.2059383791533475 -1.5078270194758483 0.3613218601764347 0.8008037731815554 -1.1258996670592027 
-5.542219483433637E-17 3.5291257264990114E-15 0 1.2740505559925272E-15 1.3276511575537172E-16 1.3276511575537172E-16 8.881784197001252E-16 6.58604461138367 1.5288486432829584 -7.210838912845718 -3.114265220854021 5.018839157675041 3.2461241801208107 1.1364601429357997 -4.246118653624647 -6.232755414144673 -0.4854849009324398 4.429715435871005 -5.90324595717636 -6.065742707638397 -0.6104981475691584 
-7.221159253219693E-18 8.259350061662434E-16 0 1.09865381520815E-16 8.279692353432099E-19 8.279692353432099E-19 -1.7534449099939194E-16 2.220446049250313E-16 -0.8498964384616742 0.5937929369832401 0.7071239999912953 0.25303809033219105 -0.6178362034489667 0.18877189100734695 -0.31722210042306875 -0.06631786370220683 0.00829117223768129 0.5234983514622661 0.2080395410738446 0.13346341690868546 -0.03996794953029005 
6.083853109127993E-17 -1.8590253854437932E-15 0 3.2848043175961024E-16 2.93986448894987E-17 2.93986448894987E-17 -8.479486167035573E-17 2.167238638335739E-16 1.1102230246251565E-16 -1.1380552189994586 -2.030258821359086 0.23399665252275836 -0.8691737807989892 -3.0960885411520223 0.513456585704019 -0.7468416464416108 0.2125725737650844 -1.319563405818507 -0.7101564338074873 0.5111057427281456 -2.1767317011240412 
-1.1875830395897893E-16 3.0014349352313526E-15 0 -6.593708737697771E-17 -8.871549251329907E-19 -8.871549251329907E-19 -2.8963635886319057E-16 6.797734934860063E-17 7.244948503039443E-18 0 1.2870370162134348 0.1366638576673216 0.013968593356244119 3.539997254613391 -2.2859144684126647 -0.9588356778893716 0.1907618401953447 2.6608025123056205 -0.8081237256868825 -2.0928218792701183 1.4481802582283816 
4.4841390425621706E-17 -5.821378610656513E-16 0 -9.579808783183419E-17 8.829505428800973E-21 8.829505428800973E-21 8.503532131563996E-17 -1.915914055944833E-16 -1.252571378357861E-16 0 0 0.252412298676246 0.5310288163250874 -0.7104088087068172 0.1953186972473786 0.5402840816182202 0.28704400378673495 -0.6595961383464252 -0.6681415603136378 -0.6124550851292289 -0.5474261637142882 
2.8549570798214103E-16 -3.49272848301623E-15 5.551115123125783E-17 -7.812907070965462E-16 8.136676970827638E-17 8.136676970827638E-17 5.616526864426341E-16 -1.385904563391903E-15 -9.38421311186435E-16 6.938893903907228E-18 0 0 2.9294814678261387 -4.987589104888006 2.5376112091526135 3.658285899074197 0.5636218767812535 -4.2524993577887775 -3.3650840012471894 -3.5788220096789485 -4.119009808754422 
5.3316816475607504E-17 -2.8492359203152977E-16 3.3575678148027377E-17 -6.444031289412577E-17 1.1272865847977072E-17 1.1272865847977072E-17 1.3168446152319928E-16 -1.2519938513978692E-16 -1.8980197201946934E-16 7.275128165498076E-19 0 -6.938893903907228E-18 0 -1.12341076224551 0.1286926167794047 0.3473424269526396 0.43462079156543243 -0.7163734809502992 -0.48064678584976805 -0.413783743658317 -0.88609868388951 
6.6717230524968575E-18 -1.94705146815754E-15 -7.425933628248914E-17 3.775466360478896E-16 -5.805153936347012E-17 -5.805153936347012E-17 -2.825819353916797E-16 1.5151183745814194E-16 3.1369676295898234E-16 -3.7237852549672214E-18 0 6.662841479194568E-17 0 2.220446049250313E-16 1.8043946619046887 -0.2614055431564709 -0.3597254567712497 -1.405941758028737 1.8729947691291646 3.107467078670634 1.6413360748883021 
1.6376866455662116E-17 4.456548536040828E-16 -2.7103555289480654E-17 1.5929589790479825E-16 4.5880391540141965E-17 -6.514191092237365E-17 -2.2065293400722948E-16 1.3900211389094874E-16 4.82466640429542E-18 -9.266292082166559E-19 0 -1.5092889585977622E-17 0 -8.006207996765788E-17 0 -0.08157609004944114 0.09551438512018753 0.19602112750996692 -0.5368977058972322 -0.7558713925974113 -0.7417365686053145 
-1.1644471507812172E-16 -2.1997860410450657E-15 1.1624024521292549E-16 -5.780073689005448E-16 -2.4525985403870543E-16 2.947455586483017E-16 1.353526529779788E-15 -5.669526399741583E-16 1.4738650665192116E-16 2.24974096517804E-16 0 3.394951286502423E-17 0 2.286023639308405E-16 2.220446049250313E-16 0 -1.5061071116628983 -0.31225619150906414 3.369194620696873 5.192471036294376 4.880762455362735 
1.2379627399670805E-18 -3.693930474146841E-16 -3.5229786095122424E-17 -1.440237796728046E-16 6.979414259460103E-18 8.408448865823809E-17 -7.207243832733307E-17 9.281744098561663E-17 6.121819595406513E-17 -2.8751168174297585E-16 0 2.5879323549576494E-17 0 5.745765070013613E-17 -5.988191508941825E-17 -2.7755575615628914E-17 -5.551115123125783E-17 0.3226995648990464 -0.8098605387304127 -1.3314535965118366 -1.2395979699393487 
-1.0406707150425241E-16 -1.1527294121735776E-15 2.388862815185237E-16 -4.273728188329619E-16 -8.932214145511854E-17 3.9611041616881316E-16 4.534585321451638E-16 -5.806486601721857E-16 -1.146640093878833E-16 -5.414822423632643E-16 0 1.347879800070671E-16 0 5.83641205578734E-16 -3.4657763927946385E-16 -9.748648424444025E-18 -1.949729684888805E-17 0 1.2280858161135189 1.1604629978990226 1.3276793574149275 
2.6886915460299596E-16 1.0314865865249652E-14 -2.4350921355339075E-16 3.386681108531927E-15 6.17304324045437E-16 -1.9219562397814264E-15 -2.301773570364191E-15 1.084985145544082E-15 -3.2582285826553894E-16 3.3139261328783334E-15 -1.1102230246251565E-16 -5.701030952182829E-16 0 -2.5827116370971763E-15 1.0495981226954976E-15 2.8635071687949525E-16 3.506568288339592E-16 0 2.220446049250313E-16 2.677573717583975 1.262644316333561 
row1[n] = 2.677573717583975
row1[n] = 2.677573717583975
row1[n] = 2.677573717583975
row1[n] = 2.677573717583975
row1[n] = 2.677573717583975
row1[n] = 2.677573717583975
row1[n] = 2.677573717583975
row1[n] = 2.677573717583975
row1[n] = 2.677573717583975
row1[n] = 2.677573717583975
row1[n] = 2.677573717583975
row1[n] = 2.677573717583975
row1[n] = 2.677573717583975
row1[n] = 2.677573717583975
row1[n] = 2.677573717583975
row1[n] = 2.677573717583975
row1[n] = 2.677573717583975
row1[n] = 2.677573717583975
row1[n] = 2.677573717583975
row1[n] = 1.2280858161135189
row1[n] = 1.2280858161135189
row1[n] = 1.2280858161135189
row1[n] = 1.2280858161135189
row1[n] = 1.2280858161135189
row1[n] = 1.2280858161135189
row1[n] = 1.2280858161135189
row1[n] = 1.2280858161135189
row1[n] = 1.2280858161135189
row1[n] = 1.2280858161135189
row1[n] = 1.2280858161135189
row1[n] = 1.2280858161135189
row1[n] = 1.2280858161135189
row1[n] = 1.2280858161135189
row1[n] = 1.2280858161135189
row1[n] = 1.2280858161135189
row1[n] = 1.2280858161135189
row1[n] = 1.2280858161135189
row1[n] = 0.3226995648990464
row1[n] = 0.3226995648990464
row1[n] = 0.3226995648990464
row1[n] = 0.3226995648990464
row1[n] = 0.3226995648990464
row1[n] = 0.3226995648990464
row1[n] = 0.3226995648990464
row1[n] = 0.3226995648990464
row1[n] = 0.3226995648990464
row1[n] = 0.3226995648990464
row1[n] = 0.3226995648990464
row1[n] = 0.3226995648990464
row1[n] = 0.3226995648990464
row1[n] = 0.3226995648990464
row1[n] = 0.3226995648990464
row1[n] = 0.3226995648990464
row1[n] = 0.3226995648990464
row1[n] = -1.5061071116628986
row1[n] = -1.5061071116628986
row1[n] = -1.5061071116628986
row1[n] = -1.5061071116628986
row1[n] = -1.5061071116628986
row1[n] = -1.5061071116628986
row1[n] = -1.5061071116628986
row1[n] = -1.5061071116628986
row1[n] = -1.5061071116628986
row1[n] = -1.5061071116628986
row1[n] = -1.5061071116628986
row1[n] = -1.5061071116628986
row1[n] = -1.5061071116628986
row1[n] = -1.5061071116628986
row1[n] = -1.5061071116628986
row1[n] = -1.5061071116628986
row1[n] = -0.08157609004944114
row1[n] = -0.08157609004944114
row1[n] = -0.08157609004944114
row1[n] = -0.08157609004944114
row1[n] = -0.08157609004944114
row1[n] = -0.08157609004944114
row1[n] = -0.08157609004944114
row1[n] = -0.08157609004944114
row1[n] = -0.08157609004944114
row1[n] = -0.08157609004944114
row1[n] = -0.08157609004944114
row1[n] = -0.08157609004944114
row1[n] = -0.08157609004944114
row1[n] = -0.08157609004944114
row1[n] = -0.08157609004944114
row1[n] = 1.8043946619046887
row1[n] = 1.8043946619046887
row1[n] = 1.8043946619046887
row1[n] = 1.8043946619046887
row1[n] = 1.8043946619046887
row1[n] = 1.8043946619046887
row1[n] = 1.8043946619046887
row1[n] = 1.8043946619046887
row1[n] = 1.8043946619046887
row1[n] = 1.8043946619046887
row1[n] = 1.8043946619046887
row1[n] = 1.8043946619046887
row1[n] = 1.8043946619046887
row1[n] = 1.8043946619046887
row1[n] = -1.1234107622455096
row1[n] = -1.1234107622455096
row1[n] = -1.1234107622455096
row1[n] = -1.1234107622455096
row1[n] = -1.1234107622455096
row1[n] = -1.1234107622455096
row1[n] = -1.1234107622455096
row1[n] = -1.1234107622455096
row1[n] = -1.1234107622455096
row1[n] = -1.1234107622455096
row1[n] = -1.1234107622455096
row1[n] = -1.1234107622455096
row1[n] = -1.1234107622455096
row1[n] = 2.9294814678261387
row1[n] = 2.9294814678261387
row1[n] = 2.9294814678261387
row1[n] = 2.9294814678261387
row1[n] = 2.9294814678261387
row1[n] = 2.9294814678261387
row1[n] = 2.9294814678261387
row1[n] = 2.9294814678261387
row1[n] = 2.9294814678261387
row1[n] = 2.9294814678261387
row1[n] = 2.9294814678261387
row1[n] = 2.9294814678261387
row1[n] = 0.2524122986762461
row1[n] = 0.2524122986762461
row1[n] = 0.2524122986762461
row1[n] = 0.2524122986762461
row1[n] = 0.2524122986762461
row1[n] = 0.2524122986762461
row1[n] = 0.2524122986762461
row1[n] = 0.2524122986762461
row1[n] = 0.2524122986762461
row1[n] = 0.2524122986762461
row1[n] = 0.2524122986762461
row1[n] = 1.287037016213435
row1[n] = 1.287037016213435
row1[n] = 1.287037016213435
row1[n] = 1.287037016213435
row1[n] = 1.287037016213435
row1[n] = 1.287037016213435
row1[n] = 1.287037016213435
row1[n] = 1.287037016213435
row1[n] = 1.287037016213435
row1[n] = 1.287037016213435
row1[n] = -1.1380552189994595
row1[n] = -1.1380552189994595
row1[n] = -1.1380552189994595
row1[n] = -1.1380552189994595
row1[n] = -1.1380552189994595
row1[n] = -1.1380552189994595
row1[n] = -1.1380552189994595
row1[n] = -1.1380552189994595
row1[n] = -1.1380552189994595
row1[n] = -0.8498964384616744
row1[n] = -0.8498964384616744
row1[n] = -0.8498964384616744
row1[n] = -0.8498964384616744
row1[n] = -0.8498964384616744
row1[n] = -0.8498964384616744
row1[n] = -0.8498964384616744
row1[n] = -0.8498964384616744
row1[n] = 6.586044611383675
row1[n] = 6.586044611383675
row1[n] = 6.586044611383675
row1[n] = 6.586044611383675
row1[n] = 6.586044611383675
row1[n] = 6.586044611383675
row1[n] = 6.586044611383675
row1[n] = -0.7061520753900804
row1[n] = -0.7061520753900804
row1[n] = -0.7061520753900804
row1[n] = -0.7061520753900804
row1[n] = -0.7061520753900804
row1[n] = -0.7061520753900804
row1[n] = 0.027434799732546235
row1[n] = 0.027434799732546235
row1[n] = 0.027434799732546235
row1[n] = 0.027434799732546235
row1[n] = 0.027434799732546235
row1[n] = 0.5559930802298044
row1[n] = 0.5559930802298044
row1[n] = 0.5559930802298044
row1[n] = 0.5559930802298044
row1[n] = -2.916702973242937
row1[n] = -2.916702973242937
row1[n] = -2.916702973242937
row1[n] = 0.6737899761336521
row1[n] = 0.6737899761336521
row1[n] = -3.809090909090889
Result matrix
0.11000000000000001 -1.1102230246251565E-16 -3.614186648183088E-17 2.220446049250313E-16 -4.1179771688599424E-17 -2.290121596986341E-16 0 2.093677124060229E-18 -1.833060354261774E-16 -2.1106248472635664E-17 7.288860917699541E-18 -3.16936950981947E-17 2.7877773426111123E-18 -1.2750855249122155E-16 -1.9677847332519258E-18 3.075733724817609E-18 -3.0389422872594666E-18 -3.848899386642556E-18 -5.011669788357513E-17 2.177009304489082E-17 0.02400206405766067 
7.658120022314504E-16 -3.809090909090889 -2.220446049250313E-16 0 2.8728387132358904E-16 -3.2692129110165417E-16 0 1.5458690285168906E-16 -4.440892098500626E-16 -6.031275864569208E-15 8.911438179674317E-16 -1.2053258497192466E-14 2.7172916862965703E-17 -2.3762045980117642E-15 -7.258455039268795E-16 -5.610622990088909E-15 1.9661684678580104E-17 -9.29719601342924E-15 1.1125781089874102E-15 6.650515978802E-15 -1.4803487490043243 
-6.747966755076764E-17 -9.674588793303963E-16 0.6737899761336521 0 -4.478106822010855E-17 -2.518163837332143E-17 0 5.551115123125783E-17 0 -6.102266426355581E-17 -9.142093663588705E-18 3.711897849974489E-16 -8.59248915482788E-17 -6.720785676176232E-17 -2.3878439537308146E-17 8.432547933328351E-17 8.715482700042076E-17 -1.944730809465838E-17 -2.773197700589904E-17 4.379470506910363E-18 0.1574569447553622 
-4.336854418443891E-17 2.2978776169021675E-15 2.493789538070885E-16 -2.916702973242937 1.3877787807814457E-17 1.1102230246251565E-16 0 0 0 -1.5370748657640158E-15 -5.955110207613087E-17 -2.9412187369030026E-15 -1.0847162167130377E-16 1.114248381199327E-15 -3.140373144928371E-16 -1.7815562229157987E-15 -4.728318052201442E-17 -3.1557314335922787E-15 5.09595973984725E-16 1.5909490803489665E-15 -1.6928924223454298 
4.215251633010063E-17 -6.04923394378799E-16 -1.3438701335198668E-16 -4.229683799393742E-17 0.5559930802298044 0 0 0 0 5.753010365726916E-17 -8.004759222897898E-17 1.0924506734412753E-17 2.4100507822677794E-19 5.743839766066246E-17 -1.901697947458195E-17 1.9067358898556343E-17 -3.541938881675214E-17 -8.533485068682531E-17 -5.0665666140587387E-17 3.0309831052652118E-18 -0.10381786083071085 
2.0676284487727976E-18 8.116662336158766E-17 -6.49476938294055E-19 1.663721858030653E-17 5.496338146138713E-18 0.027434799732546235 0 0 0 -4.005547101524347E-17 8.62441171891253E-18 -8.825532196562713E-17 -3.05584652191833E-20 -4.2411115952922506E-17 -6.476422466690188E-19 -3.029035840371561E-17 -5.671511935825846E-19 -5.877605241535602E-17 1.9679524045580486E-17 4.1488062666346773E-17 0.009699847178239546 
6.992783259825877E-18 3.486532263837173E-16 6.889925351042056E-17 4.79998592754155E-17 1.432097676031952E-17 -5.318811925942835E-19 -0.7061520753900804 0 0 9.596532021777153E-17 -2.349637885317305E-16 2.220446049250313E-16 5.533098667031427E-19 4.3853480896882555E-16 -1.0967232291997915E-16 6.48394684639479E-17 4.343813497542759E-18 -3.187076249963776E-16 -2.9192960508953035E-17 -5.113517149038945E-19 0.39520942196905984 
9.426004805151612E-16 2.1834147010818613E-14 -1.1712297282278977E-15 4.7040221210031525E-15 1.0210605049091017E-15 -3.939969857824197E-15 -1.1801594051525258E-15 6.586044611383675 0 1.9971409316786004E-16 -2.4437511668220257E-16 0 1.2287116967307628E-17 2.417944577032676E-15 -5.992460730077021E-16 -2.7392347534208765E-19 3.800204287254011E-17 -1.6692546061978605E-15 1.1230305422670426E-15 8.382498964081602E-16 -3.0992037754901154 
1.2597767459863687E-17 2.107887799732878E-15 7.277942546830013E-17 5.422069594947188E-16 1.2959170159810084E-16 -2.1273615776322265E-16 -6.732578813208191E-16 -8.872781434489033E-17 -0.8498964384616744 1.1102230246251565E-16 1.1102230246251565E-16 0 -4.746914251364899E-19 -7.907370253791647E-16 5.792711807764239E-17 2.638275184265169E-16 8.983777444279825E-17 3.958127116608879E-16 1.4812865358663494E-16 -2.7755575615628914E-17 0.3353342712579358 
-1.318473683060017E-16 -5.631467131873701E-16 3.6691340904313406E-16 -3.904612694462104E-16 2.931830734810748E-17 5.34129562888101E-16 -2.646550637060872E-16 -1.242290618620471E-15 -3.1443859539674916E-16 -1.1380552189994595 0 0 -2.7364695772950096E-18 -9.876932458081204E-16 1.1102230246251565E-16 2.8032333033410407E-16 1.680446096695168E-16 -1.9689944080946522E-16 1.717756797641724E-15 0 0.5209344036402772 
-4.726162262446341E-17 -1.2495323195089992E-15 1.3317328232886131E-16 -4.627916735744961E-16 -9.157024480678583E-17 3.9170007503354584E-16 3.8143175649224873E-16 -5.20408006932899E-16 -1.405185091025877E-16 -5.846509219483581E-16 1.287037016213435 0 -1.734723475976807E-18 -8.293565123502516E-17 0 9.839167166393096E-17 -1.0064325860887093E-16 -3.7417720220360564E-16 2.762268931267243E-16 0 0.4775482580448546 
-2.735976412608044E-17 -1.2535005875834207E-15 1.087098476615361E-18 -2.863022270729556E-16 -7.215610376423187E-17 1.8299496491207025E-16 1.9986463682353206E-16 -5.719106817969035E-17 1.166555144127987E-16 -3.5119905294015376E-16 -3.982648213794642E-18 0.2524122986762461 0 1.6100062078523307E-16 0 -8.796027738371942E-17 1.457735755515293E-17 -5.2518900978103843E-17 8.284692178420282E-17 0 -0.04945657336590226 
-2.7349650085824768E-18 3.805743749032152E-15 3.3135415266173166E-16 1.3363334466714467E-15 2.23582591362483E-16 -4.821880933326042E-16 -2.570312711791626E-16 -7.751924254142956E-16 -8.43097268694817E-16 1.1796975963581762E-15 1.39358955530119E-16 -1.665815222503157E-16 2.9294814678261387 -8.881784197001252E-16 0 5.045799500163891E-16 -2.2250723364166164E-16 1.3098409296390652E-15 -3.065621583994714E-15 0 3.3404596583501416 
-2.904990591921066E-17 -7.330171184115074E-16 1.7119591286841638E-16 -1.684783353291829E-16 -2.1551095597929295E-17 2.5686628085095303E-16 4.195940699638318E-16 -3.275611369201236E-16 -1.7788200792683518E-16 -3.594461394923187E-16 6.390483363162094E-18 5.889300070420972E-17 0 -1.1234107622455096 0 3.959153428688865E-18 -1.21732183820106E-16 1.3501455857802993E-17 -5.1393164699603E-16 0 -0.31547183236141074 
-3.0542200106984936E-18 9.508111932534453E-16 8.130820399455431E-17 9.843609004129554E-16 2.309858471156673E-16 -1.2291302442457955E-16 -1.4058705566095289E-15 9.018768823307854E-17 9.175698310697193E-17 -3.8469499366391135E-16 -8.627182761953948E-17 1.0035730013464209E-16 0 -3.034417554231237E-17 1.8043946619046887 -5.551115123125783E-17 9.998166529381358E-17 -8.894102812511151E-17 5.778087174254773E-16 0 -1.5720072228431947 
-4.804323356136221E-19 -1.0480345619156288E-16 -6.543561738183678E-18 4.8687660679671966E-18 -8.179860241933023E-18 4.219270201136382E-18 2.2243330682352477E-17 3.243795335259954E-17 1.473562432335227E-17 -9.907107788881875E-18 7.796754457136857E-18 -9.784239041105827E-20 0 2.7873670320657157E-17 6.658944591519505E-18 -0.08157609004944114 -1.3877787807814457E-17 2.7755575615628914E-17 -1.1102230246251565E-16 0 0.027367713950348406 
-4.2849703594050125E-17 -5.7583102230956096E-15 -2.8792419867306357E-16 -1.6654379033891181E-15 -3.872648910505546E-16 5.908142800138905E-16 1.5849896562973965E-15 1.5333866810972231E-16 6.258055758021465E-16 -7.213646756715063E-16 6.057577953317246E-17 8.627481582407533E-17 0 4.646092350334365E-16 3.21086054133048E-16 -1.625712144346237E-16 -1.5061071116628986 0 0 0 0.19713750566814947 
-1.0535231057308808E-17 1.0515721917826508E-15 7.081235553039086E-17 2.9027677746201974E-16 7.860818562334728E-17 -6.110835140095832E-17 -2.5976144386192934E-16 -6.066525705658269E-17 -8.329386216119969E-17 5.615505867316023E-17 -2.347624331041748E-17 -5.7860794046287846E-18 0 -1.037882754681832E-16 -6.64893728465491E-17 2.6366031827856314E-17 5.779577034877645E-18 0.3226995648990464 0 0 -0.09706781531279185 
-2.2059521903727474E-16 -5.6232020965688676E-15 3.4442340646131765E-16 -1.895163634945829E-15 -3.5686242308896336E-16 1.2290880799397221E-15 1.4510493885268027E-15 -1.050882255014194E-15 2.654792752492269E-17 -1.9777409827746927E-15 4.811717156588886E-17 3.818712041378596E-16 0 1.70299088749855E-15 -8.014744647351026E-16 -1.3385332168824992E-16 -1.7147230024472216E-16 0 1.2280858161135189 0 0.7804481088445873 
2.6886915460299596E-16 1.0314865865249652E-14 -2.4350921355339075E-16 3.386681108531927E-15 6.17304324045437E-16 -1.9219562397814264E-15 -2.301773570364191E-15 1.084985145544082E-15 -3.2582285826553894E-16 3.3139261328783334E-15 -1.1102230246251565E-16 -5.701030952182829E-16 0 -2.5827116370971763E-15 1.0495981226954976E-15 2.8635071687949525E-16 3.506568288339592E-16 0 2.220446049250313E-16 2.677573717583975 1.262644316333561 
0.21820058234236972 0
0.38863570976247386 0
0.2336884642583778 0
0.5804130341264016 0
-0.18672509518967503 0
0.35355997757594343 0
-0.5596661622083954 0
-0.47057133049680294 0
-0.39455897928563627 0
-0.45774088545392855 0
0.37104469570722953 0
-0.19593567201468737 0
1.14029042171377 0
0.28081610303504256 0
-0.8712103045038996 0
-0.335486953760122 0
-0.1308920887110673 0
-0.30079933743684667 0
0.6354996520637659 0
0.4715628585841023 0
?[1;31m
Start test 10?[0m
numberOfVariables = 2
numberOfEquations = 2
0
1
1
1
0
1
Initial matrix
0 1.0 1.0 
1.0 0 1.0 
Tryangle form
1.0 0 1.0 
0 1.0 1.0 
row1[n] = 1.0
Result matrix
1.0 0 1.0 
0 1.0 1.0 
1.0 0
1.0 0
?[1;31m
Start test 11?[0m
numberOfVariables = 2
numberOfEquations = 2
0
1
1
1
0
2
Initial matrix
0 1.0 1.0 
1.0 0 2.0 
Tryangle form
1.0 0 2.0 
0 1.0 1.0 
row1[n] = 1.0
Result matrix
1.0 0 2.0 
0 1.0 1.0 
2.0 0
1.0 0
?[1;31m
Start test 12?[0m
numberOfVariables = 6
numberOfEquations = 6
2
6
1
3
9
1
6
9
2
4
3
6
1
5
6
5
9
1
4
2
6
4
1
1
2
9
2
4
5
4
6
2
3
1
6
3
5
4
1
7
9
6
Initial matrix
2.0 6.0 1.0 3.0 9.0 1.0 6.0 
9.0 2.0 4.0 3.0 6.0 1.0 5.0 
6.0 5.0 9.0 1.0 4.0 2.0 6.0 
4.0 1.0 1.0 2.0 9.0 2.0 4.0 
5.0 4.0 6.0 2.0 3.0 1.0 6.0 
3.0 5.0 4.0 1.0 7.0 9.0 6.0 
row1[n] = 2.0
row1[n] = 2.0
row1[n] = 2.0
row1[n] = 2.0
row1[n] = 2.0
row1[n] = -25.0
row1[n] = -25.0
row1[n] = -25.0
row1[n] = -25.0
row1[n] = 6.26
row1[n] = 6.26
row1[n] = 6.26
row1[n] = 0.3035143769968052
row1[n] = 0.3035143769968052
row1[n] = -12.821052631578949
Tryangle form
2.0 6.0 1.0 3.0 9.0 1.0 6.0 
0 -25.0 -0.5 -10.5 -34.5 -3.5 -22.0 
0 0 6.26 -2.54 -5.059999999999999 0.8200000000000001 -0.5599999999999987 
0 0 -1.1102230246251565E-16 0.3035143769968052 5.5495207667731625 1.6421725239616614 1.6102236421725238 
0 0 2.3022519563279564E-16 0 -12.821052631578949 -3.852631578947369 -2.326315789473685 
0 0 -9.11513156506698E-18 -1.1102230246251565E-16 0 7.325123152709359 2.087027914614119 
row1[n] = 7.325123152709359
row1[n] = 7.325123152709359
row1[n] = 7.325123152709359
row1[n] = 7.325123152709359
row1[n] = 7.325123152709359
row1[n] = -12.821052631578949
row1[n] = -12.821052631578949
row1[n] = -12.821052631578949
row1[n] = -12.821052631578949
row1[n] = 0.3035143769968052
row1[n] = 0.3035143769968052
row1[n] = 0.3035143769968052
row1[n] = 6.26
row1[n] = 6.26
row1[n] = -25.0
Result matrix
2.0 0 0 -4.440892098500626E-16 -2.449502589067716E-15 6.279826163031926E-16 -1.034969737726967 
0 -25.0 0 0 3.131997585258335E-14 -7.83886155918917E-15 3.8080026899798125 
0 0 6.26 0 7.432837970842035E-15 -1.9692317951730243E-15 4.8005962788612395 
0 0 -1.1402245609539633E-17 0.3035143769968052 8.881784197001252E-16 -2.220446049250313E-16 0.6105326747323088 
0 0 2.254311132697096E-16 -5.839192318238763E-17 -12.821052631578949 0 -1.2286482851378633 
0 0 -9.11513156506698E-18 -1.1102230246251565E-16 0 7.325123152709359 2.087027914614119 
-0.5174848688634835 0
-0.1523201075991925 0
0.7668684151535528 0
2.011544496749606 0
0.0958305312710156 0
0.28491369648060944 0
?[1;31m
Start test 13?[0m
numberOfVariables = 6
numberOfEquations = 6
0
6
1
3
9
1
6
9
0
4
3
6
1
5
6
5
0
1
4
2
6
4
1
1
0
9
2
4
5
4
6
2
0
1
6
3
5
4
1
7
0
6
Initial matrix
0 6.0 1.0 3.0 9.0 1.0 6.0 
9.0 0 4.0 3.0 6.0 1.0 5.0 
6.0 5.0 0 1.0 4.0 2.0 6.0 
4.0 1.0 1.0 0 9.0 2.0 4.0 
5.0 4.0 6.0 2.0 0 1.0 6.0 
3.0 5.0 4.0 1.0 7.0 0 6.0 
row1[n] = 9.0
row1[n] = 9.0
row1[n] = 9.0
row1[n] = 9.0
row1[n] = 6.0
row1[n] = 6.0
row1[n] = 6.0
row1[n] = 6.0
row1[n] = -3.5
row1[n] = -3.5
row1[n] = -3.5
row1[n] = -0.8888888888888891
row1[n] = -0.8888888888888891
row1[n] = -52.857142857142854
Tryangle form
9.0 0 4.0 3.0 6.0 1.0 5.0 
0 6.0 1.0 3.0 9.0 1.0 6.0 
0 0 -3.5 -3.5 -7.5 0.5000000000000001 -2.333333333333333 
0 0 -1.1102230246251565E-16 -0.8888888888888891 6.857142857142858 1.253968253968254 1.407407407407407 
0 0 5.967448757360215E-16 0 -52.857142857142854 -6.5178571428571415 -10.416666666666663 
0 0 9.125583172003398E-17 0 0 -2.1030405405405412 -0.8952702702702684 
row1[n] = -2.1030405405405412
row1[n] = -2.1030405405405412
row1[n] = -2.1030405405405412
row1[n] = -2.1030405405405412
row1[n] = -2.1030405405405412
row1[n] = -52.857142857142854
row1[n] = -52.857142857142854
row1[n] = -52.857142857142854
row1[n] = -52.857142857142854
row1[n] = -0.8888888888888891
row1[n] = -0.8888888888888891
row1[n] = -0.8888888888888891
row1[n] = -3.5
row1[n] = -3.5
row1[n] = 6.0
Result matrix
9.0 0 0 0 -1.586032892321686E-17 2.498001805406602E-16 2.1686746987951824 
0 6.0 0 0 -2.2521667070967456E-15 -4.996003610813202E-16 3.5903614457831328 
0 0 -3.5 0 2.609024107869117E-15 8.743006318923106E-16 -0.9979919678714848 
0 0 -1.5884958081919227E-17 -0.8888888888888891 -8.881784197001252E-16 -2.220446049250313E-16 -0.11780455153949132 
0 0 3.1391985969951934E-16 0 -52.857142857142854 0 -7.641996557659212 
0 0 9.125583172003398E-17 0 0 -2.1030405405405412 -0.8952702702702684 
0.24096385542168694 0
0.5983935742971888 0
0.28514056224899564 0
0.13253012048192772 0
0.14457831325301213 0
0.42570281124497894 0
?[1;31m
Start test 14?[0m
numberOfVariables = 6
numberOfEquations = 6
1
6
1
1
9
1
6
0
1
4
3
2
1
5
0
0
0
1
4
2
6
0
0
0
2
9
2
4
0
0
0
2
3
1
6
0
0
5
1
7
9
6
Initial matrix
1.0 6.0 1.0 1.0 9.0 1.0 6.0 
0 1.0 4.0 3.0 2.0 1.0 5.0 
0 0 0 1.0 4.0 2.0 6.0 
0 0 0 2.0 9.0 2.0 4.0 
0 0 0 2.0 3.0 1.0 6.0 
0 0 5.0 1.0 7.0 9.0 6.0 
row1[n] = 1.0
row1[n] = 1.0
row1[n] = 1.0
row1[n] = 1.0
row1[n] = 1.0
row1[n] = 1.0
row1[n] = 1.0
row1[n] = 1.0
row1[n] = 1.0
row1[n] = 5.0
row1[n] = 5.0
row1[n] = 2.0
row1[n] = 2.0
row1[n] = -6.0
Tryangle form
1.0 6.0 1.0 1.0 9.0 1.0 6.0 
0 1.0 4.0 3.0 2.0 1.0 5.0 
0 0 5.0 1.0 7.0 9.0 6.0 
0 0 0 2.0 9.0 2.0 4.0 
0 0 0 0 -6.0 -1.0 2.0 
0 0 0 0 0 1.0833333333333333 3.8333333333333335 
row1[n] = 1.0833333333333333
row1[n] = 1.0833333333333333
row1[n] = 1.0833333333333333
row1[n] = 1.0833333333333333
row1[n] = 1.0833333333333333
row1[n] = -6.0
row1[n] = -6.0
row1[n] = -6.0
row1[n] = -6.0
row1[n] = 2.0
row1[n] = 2.0
row1[n] = 2.0
row1[n] = 5.0
row1[n] = 5.0
row1[n] = 1.0
Result matrix
1.0 0 0 0 0 0 -65.81538461538464 
0 1.0 0 0 0 0 13.061538461538465 
0 0 5.0 0 0 0 -22.0 
0 0 0 2.0 0 0 5.230769230769229 
0 0 0 0 -6.0 0 5.538461538461538 
0 0 0 0 0 1.0833333333333333 3.8333333333333335 
-65.81538461538464 0
13.061538461538465 0
-4.4 0
2.6153846153846145 0
-0.9230769230769229 0
3.5384615384615388 0
?[1;31m
Start test 15?[0m
numberOfVariables = 6
numberOfEquations = 6
1
6
1
1
9
1
6
0
1
4
3
2
1
5
0
0
0
0
0
2
6
0
0
0
0
2
2
4
0
0
0
9
2
1
6
0
0
7
1
7
9
6
Initial matrix
1.0 6.0 1.0 1.0 9.0 1.0 6.0 
0 1.0 4.0 3.0 2.0 1.0 5.0 
0 0 0 0 0 2.0 6.0 
0 0 0 0 2.0 2.0 4.0 
0 0 0 9.0 2.0 1.0 6.0 
0 0 7.0 1.0 7.0 9.0 6.0 
row1[n] = 1.0
row1[n] = 1.0
row1[n] = 1.0
row1[n] = 1.0
row1[n] = 1.0
row1[n] = 1.0
row1[n] = 1.0
row1[n] = 1.0
row1[n] = 1.0
row1[n] = 7.0
row1[n] = 7.0
row1[n] = 9.0
row1[n] = 2.0
Tryangle form
1.0 6.0 1.0 1.0 9.0 1.0 6.0 
0 1.0 4.0 3.0 2.0 1.0 5.0 
0 0 7.0 1.0 7.0 9.0 6.0 
0 0 0 9.0 2.0 1.0 6.0 
0 0 0 0 2.0 2.0 4.0 
0 0 0 0 0 2.0 6.0 
row1[n] = 2.0
row1[n] = 2.0
row1[n] = 2.0
row1[n] = 2.0
row1[n] = 2.0
row1[n] = 2.0
row1[n] = 2.0
row1[n] = 2.0
row1[n] = 2.0
row1[n] = 9.0
row1[n] = 9.0
row1[n] = 9.0
row1[n] = 7.0
row1[n] = 7.0
row1[n] = 1.0
Result matrix
1.0 0 0 0 0 0 -50.38095238095237 
0 1.0 0 0 0 0 10.65079365079365 
0 0 7.0 0 0 0 -14.555555555555555 
0 0 0 9.0 0 0 5.0 
0 0 0 0 2.0 0 -2.0 
0 0 0 0 0 2.0 6.0 
-50.38095238095237 0
10.65079365079365 0
-2.079365079365079 0
0.5555555555555556 0
-1.0 0
3.0 0
?[1;31m
Start test 16?[0m
numberOfVariables = 3
numberOfEquations = 4
0
1
2
9
0
1
3
1
1
0
6
0
2
0
2
0
Initial matrix
0 1.0 2.0 9.0 
0 1.0 3.0 1.0 
1.0 0 6.0 0 
2.0 0 2.0 0 
row1[n] = 1.0
row1[n] = 1.0
row1[n] = 1.0
row1[n] = 1.0
row1[n] = -1.0
?[1;31m
Start test 17?[0m
numberOfVariables = 3
numberOfEquations = 4
1
1
2
9
0
1
3
1
0
0
6
0
0
0
0
0
Initial matrix
1.0 1.0 2.0 9.0 
0 1.0 3.0 1.0 
0 0 6.0 0 
0 0 0 0 
row1[n] = 1.0
row1[n] = 1.0
row1[n] = 1.0
row1[n] = 1.0
row1[n] = 1.0
row1[n] = 6.0
Tryangle form
1.0 1.0 2.0 9.0 
0 1.0 3.0 1.0 
0 0 6.0 0 
0 0 0 0 
row1[n] = 6.0
row1[n] = 6.0
row1[n] = 1.0
Result matrix
1.0 0 0 8.0 
0 1.0 0 1.0 
0 0 6.0 0 
0 0 0 0 
8.0 0
1.0 0
0 0
?[1;31m
Start test 18?[0m
numberOfVariables = 3
numberOfEquations = 4
1
1
2
9
0
1
3
1
0
0
6
0
0
0
0
7
Initial matrix
1.0 1.0 2.0 9.0 
0 1.0 3.0 1.0 
0 0 6.0 0 
0 0 0 7.0 
row1[n] = 1.0
row1[n] = 1.0
row1[n] = 1.0
row1[n] = 1.0
row1[n] = 1.0
row1[n] = 6.0
?[1;31m
Start test 19?[0m
numberOfVariables = 3
numberOfEquations = 4
1
1
2
9
0
1
3
1
0
2
6
2
0
0
0
0
Initial matrix
1.0 1.0 2.0 9.0 
0 1.0 3.0 1.0 
0 2.0 6.0 2.0 
0 0 0 0 
row1[n] = 1.0
row1[n] = 1.0
row1[n] = 1.0
row1[n] = 1.0
row1[n] = 1.0
?[1;31m
Start test 20?[0m
numberOfVariables = 4
numberOfEquations = 3
1
1
2
9
7
0
1
3
1
2
0
2
6
2
9
Initial matrix
1.0 1.0 2.0 9.0 7.0 
0 1.0 3.0 1.0 2.0 
0 2.0 6.0 2.0 9.0 
row1[n] = 1.0
row1[n] = 1.0
row1[n] = 1.0
?[1;31m
Start test 21?[0m
numberOfVariables = 4
numberOfEquations = 3
1
1
2
9
7
0
1
3
1
2
0
2
6
3
9
Initial matrix
1.0 1.0 2.0 9.0 7.0 
0 1.0 3.0 1.0 2.0 
0 2.0 6.0 3.0 9.0 
row1[n] = 1.0
row1[n] = 1.0
row1[n] = 1.0
?[1;31m
Start test 22?[0m
numberOfVariables = 4
numberOfEquations = 3
1
0
0
0
1
0
0
0
0
0
1
0
0
0
0
Initial matrix
1.0 0 0 0 1.0 
0 0 0 0 0 
1.0 0 0 0 0 
row1[n] = 1.0
row1[n] = 1.0
?[1;31m
Start test 23?[0m
numberOfVariables = 2
numberOfEquations = 2
i
0
1
0
i
1
Initial matrix
1.0i 0 1.0 
0 1.0i 1.0 
row1[n] = 1.0i
Tryangle form
1.0i 0 1.0 
0 1.0i 1.0 
row1[n] = 1.0i
Result matrix
1.0i 0 1.0 
0 1.0i 1.0 
0 -1.0
0 -1.0
?[1;31m
Start test 24?[0m
numberOfVariables = 2
numberOfEquations = 2
i
-i
i
-i
i
i
Initial matrix
1.0i -1.0i 1.0i 
-1.0i 1.0i 1.0i 
row1[n] = 1.0i
?[1;31m
Start test 25?[0m
numberOfVariables = 2
numberOfEquations = 2
i
-i
i
-i
i
-i
Initial matrix
1.0i -1.0i 1.0i 
-1.0i 1.0i -1.0i 
row1[n] = 1.0i
?[1;31m
Start test 26?[0m
numberOfVariables = 3
numberOfEquations = 3
1+i
2+6i
7-8i
12
-7i
123
12+i
i
11-11i
12+i
-i
1+i
Initial matrix
1.0+1.0i 2.0+6.0i 7.0-8.0i 12.0 
-7.0i 123.0 12.0+1.0i 1.0i 
11.0-11.0i 12.0+1.0i -1.0i 1.0+1.0i 
row1[n] = 1.0+1.0i
row1[n] = 1.0+1.0i
row1[n] = 109.0+28.0i
Tryangle form
1.0+1.0i 2.0+6.0i 7.0-8.0i 12.0 
0 109.0+28.0i 64.5-2.5i 42.0+43.0i 
0 3.552713678800501E-15i 113.90300039478879+54.49739439399921i 32.028898539281485+137.46964074220293i 
row1[n] = 113.90300039478879+54.49739439399921i
row1[n] = 113.90300039478879+54.49739439399921i
row1[n] = 109.0+28.0i
Result matrix
1.0+1.0i -2.220446049250313E-16 1.6774755467214367E-16-9.964569416122447E-16i -0.2565079731088918+0.08070063276528994i 
0 109.0+28.0i 3.552713678800501E-15i -5.247464583222616-11.536367334355951i 
0 3.552713678800501E-15i 113.90300039478879+54.49739439399921i 32.028898539281485+137.46964074220293i 
-0.08790367017180092 +0.16860430293709086
-0.07066655546255285 -0.08768535579270156
0.6986968792228414 +0.8726063493397374
]]></system-out>
  <system-err><![CDATA[]]></system-err>
</testsuite>
